1505381480694	geckodriver	INFO	geckodriver 0.18.0
1505381480742	geckodriver	INFO	Listening on 127.0.0.1:57586
1505381481830	geckodriver::marionette	INFO	Starting browser /Applications/Firefox.app/Contents/MacOS/firefox-bin with args ["-marionette"]
1505381483761	Marionette	INFO	Listening on port 57599
1505381483853	Marionette	WARN	TLS certificate errors will be ignored for this session
1505381483994	Marionette	DEBUG	loaded listener.js
1505381484010	geckodriver	INFO	geckodriver 0.18.0
1505381484069	geckodriver	INFO	Listening on 127.0.0.1:57662
2017-09-14 18:31:24.098 plugin-container[96257:2444467] *** CFMessagePort: bootstrap_register(): failed 1100 (0x44c) 'Permission denied', port = 0x9c3b, name = 'com.apple.tsm.portname'
See /usr/include/servers/bootstrap_defs.h for the error codes.
2017-09-14 18:31:24.102 plugin-container[96257:2444467] *** CFMessagePort: bootstrap_register(): failed 1100 (0x44c) 'Permission denied', port = 0xa003, name = 'com.apple.CFPasteboardClient'
See /usr/include/servers/bootstrap_defs.h for the error codes.
1505381485090	geckodriver::marionette	INFO	Starting browser /Applications/Firefox.app/Contents/MacOS/firefox-bin with args ["-marionette"]
1505381486850	Marionette	INFO	Listening on port 57678
1505381486894	Marionette	WARN	TLS certificate errors will be ignored for this session
1505381487086	Marionette	DEBUG	loaded listener.js
1505381487104	geckodriver	INFO	geckodriver 0.18.0
1505381487155	geckodriver	INFO	Listening on 127.0.0.1:57754
2017-09-14 18:31:27.158 plugin-container[96268:2444758] *** CFMessagePort: bootstrap_register(): failed 1100 (0x44c) 'Permission denied', port = 0x9e3b, name = 'com.apple.tsm.portname'
See /usr/include/servers/bootstrap_defs.h for the error codes.
2017-09-14 18:31:27.161 plugin-container[96268:2444758] *** CFMessagePort: bootstrap_register(): failed 1100 (0x44c) 'Permission denied', port = 0xa203, name = 'com.apple.CFPasteboardClient'
See /usr/include/servers/bootstrap_defs.h for the error codes.
1505381488192	geckodriver::marionette	INFO	Starting browser /Applications/Firefox.app/Contents/MacOS/firefox-bin with args ["-marionette"]
1505381489931	Marionette	INFO	Listening on port 57769
1505381489972	Marionette	WARN	TLS certificate errors will be ignored for this session
1505381490158	Marionette	DEBUG	loaded listener.js
1505381490176	geckodriver	INFO	geckodriver 0.18.0
2017-09-14 18:31:30.222 plugin-container[96281:2444983] *** CFMessagePort: bootstrap_register(): failed 1100 (0x44c) 'Permission denied', port = 0x9e3b, name = 'com.apple.tsm.portname'
See /usr/include/servers/bootstrap_defs.h for the error codes.
2017-09-14 18:31:30.222 plugin-container[96281:2444983] *** CFMessagePort: bootstrap_register(): failed 1100 (0x44c) 'Permission denied', port = 0xa203, name = 'com.apple.CFPasteboardClient'
See /usr/include/servers/bootstrap_defs.h for the error codes.
1505381490226	geckodriver	INFO	Listening on 127.0.0.1:57831
1505381491254	geckodriver::marionette	INFO	Starting browser /Applications/Firefox.app/Contents/MacOS/firefox-bin with args ["-marionette"]
1505381492935	Marionette	INFO	Listening on port 57846
1505381493028	Marionette	WARN	TLS certificate errors will be ignored for this session
1505381493168	Marionette	DEBUG	loaded listener.js
1505381493186	geckodriver	INFO	geckodriver 0.18.0
2017-09-14 18:31:33.233 plugin-container[96295:2445403] *** CFMessagePort: bootstrap_register(): failed 1100 (0x44c) 'Permission denied', port = 0x9e3b, name = 'com.apple.tsm.portname'
See /usr/include/servers/bootstrap_defs.h for the error codes.
2017-09-14 18:31:33.233 plugin-container[96295:2445403] *** CFMessagePort: bootstrap_register(): failed 1100 (0x44c) 'Permission denied', port = 0xa103, name = 'com.apple.CFPasteboardClient'
See /usr/include/servers/bootstrap_defs.h for the error codes.
1505381493236	geckodriver	INFO	Listening on 127.0.0.1:57913
1505381494264	geckodriver::marionette	INFO	Starting browser /Applications/Firefox.app/Contents/MacOS/firefox-bin with args ["-marionette"]
1505381495952	Marionette	INFO	Listening on port 57930
1505381496032	Marionette	WARN	TLS certificate errors will be ignored for this session
1505381496184	Marionette	DEBUG	loaded listener.js
2017-09-14 18:31:36.242 plugin-container[96302:2445628] *** CFMessagePort: bootstrap_register(): failed 1100 (0x44c) 'Permission denied', port = 0x9e3b, name = 'com.apple.tsm.portname'
See /usr/include/servers/bootstrap_defs.h for the error codes.
2017-09-14 18:31:36.243 plugin-container[96302:2445628] *** CFMessagePort: bootstrap_register(): failed 1100 (0x44c) 'Permission denied', port = 0xa103, name = 'com.apple.CFPasteboardClient'
See /usr/include/servers/bootstrap_defs.h for the error codes.
1505381499209	Marionette	DEBUG	Received DOM event "beforeunload" for "about:blank"
1505381499209	Marionette	DEBUG	Received DOM event "beforeunload" for "about:blank"
1505381499209	Marionette	DEBUG	Received DOM event "beforeunload" for "about:blank"
1505381499209	Marionette	DEBUG	Received DOM event "beforeunload" for "about:blank"
1505381499215	Marionette	DEBUG	Received DOM event "beforeunload" for "about:blank"
1505381499969	Marionette	DEBUG	Received DOM event "pagehide" for "about:blank"
1505381499969	Marionette	DEBUG	Received DOM event "unload" for "about:blank"
1505381499976	Marionette	DEBUG	Received DOM event "pagehide" for "about:blank"
1505381499976	Marionette	DEBUG	Received DOM event "unload" for "about:blank"
1505381500128	Marionette	DEBUG	Received DOM event "DOMContentLoaded" for "https://www.google.co.kr/?gfe_rd=cr&dcr=0&ei=e0y6WaLQF9Dd8Afy1pXYDQ&gws_rd=ssl"
1505381500707	Marionette	DEBUG	Received DOM event "DOMContentLoaded" for "https://www.apple.com/"
1505381500870	Marionette	DEBUG	Received DOM event "pagehide" for "about:blank"
1505381500871	Marionette	DEBUG	Received DOM event "unload" for "about:blank"
1505381501168	Marionette	DEBUG	Received DOM event "pagehide" for "about:blank"
1505381501168	Marionette	DEBUG	Received DOM event "unload" for "about:blank"
1505381501336	Marionette	DEBUG	Received observer notification "outer-window-destroyed" for "2147483653"
1505381501339	Marionette	DEBUG	Received DOM event "DOMContentLoaded" for "https://www.google.co.kr/?gfe_rd=cr&dcr=0&ei=e0y6WaLQF9Dd8Afy1pXYDQ&gws_rd=ssl"
1505381501345	Marionette	DEBUG	Received DOM event "pageshow" for "https://www.google.co.kr/?gfe_rd=cr&dcr=0&ei=e0y6WaLQF9Dd8Afy1pXYDQ&gws_rd=ssl"
1505381502027	Marionette	DEBUG	Received DOM event "pageshow" for "https://www.apple.com/"
1505381505760	Marionette	DEBUG	Received DOM event "pageshow" for "https://www.google.co.kr/?gfe_rd=cr&dcr=0&ei=e0y6WaLQF9Dd8Afy1pXYDQ&gws_rd=ssl"
1505381505894	Marionette	DEBUG	Received DOM event "DOMContentLoaded" for "https://s.yimg.com/rq/darla/3-0-5/html/r-csc.html"
1505381505902	Marionette	DEBUG	Received DOM event "pageshow" for "https://s.yimg.com/rq/darla/3-0-5/html/r-csc.html"
1505381506028	Marionette	DEBUG	Received DOM event "DOMContentLoaded" for "https://www.amazon.com/"
1505381506062	Marionette	DEBUG	Received DOM event "DOMContentLoaded" for "https://www.yahoo.com/"
1505381506922	Marionette	DEBUG	Received DOM event "DOMContentLoaded" for "https://images-na.ssl-images-amazon.com/images/G/01/ape/sf/desktop/sf-1.13FX2._V517805819_.html"
1505381507058	Marionette	DEBUG	Received DOM event "pagehide" for "about:blank"
1505381507058	Marionette	DEBUG	Received DOM event "unload" for "about:blank"
1505381509253	Marionette	DEBUG	Received DOM event "DOMContentLoaded" for "https://images-na.ssl-images-amazon.com/images/G/01/ape/sf/desktop/sf-1.13FX2._V517805819_.html"
1505381509314	Marionette	DEBUG	Received DOM event "DOMContentLoaded" for "https://s.yimg.com/rq/darla/3-0-5/html/r-sf.html"
1505381509402	Marionette	DEBUG	Received DOM event "DOMContentLoaded" for "https://images-na.ssl-images-amazon.com/images/G/01/ape/sf/desktop/sf-1.13FX2._V517805819_.html"
1505381509630	Marionette	DEBUG	Received DOM event "DOMContentLoaded" for "https://s.yimg.com/rq/darla/3-0-5/html/r-sf.html"
1505381509725	Marionette	DEBUG	Received DOM event "pageshow" for "https://s.yimg.com/rq/darla/3-0-5/html/r-sf.html"
1505381509756	Marionette	DEBUG	Received DOM event "pageshow" for "https://s.yimg.com/rq/darla/3-0-5/html/r-sf.html"
1505381509836	Marionette	DEBUG	Received DOM event "DOMContentLoaded" for "https://www.ibm.com/us-en/"
1505381509909	Marionette	DEBUG	Received observer notification "outer-window-destroyed" for "2147483654"
1505381509917	Marionette	DEBUG	Received DOM event "DOMContentLoaded" for "https://www.ibm.com/us-en/"
1505381509925	Marionette	DEBUG	Received DOM event "pageshow" for "https://www.ibm.com/us-en/"
1505381509990	Marionette	DEBUG	Received DOM event "DOMContentLoaded" for "https://googleads.g.doubleclick.net/pagead/html/r20170911/r20170110/zrt_lookup.html#"
1505381509993	Marionette	DEBUG	Received DOM event "pageshow" for "https://googleads.g.doubleclick.net/pagead/html/r20170911/r20170110/zrt_lookup.html#"
1505381510338	Marionette	DEBUG	Received DOM event "DOMContentLoaded" for "https://s.yimg.com/rq/darla/3-0-5/html/r-sf.html"
1505381510339	Marionette	DEBUG	Received DOM event "DOMContentLoaded" for "https://s.yimg.com/rq/darla/3-0-5/html/r-sf.html"
1505381510550	Marionette	DEBUG	Received DOM event "DOMContentLoaded" for "https://a2972860641.cdn.optimizely.com/client_storage/a2972860641.html"
1505381510555	Marionette	DEBUG	Received DOM event "DOMContentLoaded" for "https://s.yimg.com/rq/darla/3-0-5/html/r-sf.html"
1505381510557	Marionette	DEBUG	Received DOM event "pageshow" for "https://s.yimg.com/rq/darla/3-0-5/html/r-sf.html"
1505381510559	Marionette	DEBUG	Received DOM event "DOMContentLoaded" for "https://s.yimg.com/rq/darla/3-0-5/html/r-sf.html"
1505381510561	Marionette	DEBUG	Received DOM event "pageshow" for "https://s.yimg.com/rq/darla/3-0-5/html/r-sf.html"
1505381510567	Marionette	DEBUG	Received DOM event "pageshow" for "https://a2972860641.cdn.optimizely.com/client_storage/a2972860641.html"
1505381511276	Marionette	DEBUG	Received DOM event "DOMContentLoaded" for "https://www.ibm.com/us-en/"
1505381511341	Marionette	DEBUG	Received DOM event "pageshow" for "https://images-na.ssl-images-amazon.com/images/G/01/ape/sf/desktop/sf-1.13FX2._V517805819_.html"
1505381511768	Marionette	DEBUG	Received DOM event "DOMContentLoaded" for "https://insight.adsrvr.org/track/up?adv=aic2pez&ref=https%3A%2F%2Fwww.ibm.com%2Fus-en%2F&upid=yothsb7&osi=5cc94eacba4ebf8e2c12ffaefe461ec2&osv=1.1&upv=1.1.1"
1505381511778	Marionette	DEBUG	Received DOM event "pageshow" for "https://insight.adsrvr.org/track/up?adv=aic2pez&ref=https%3A%2F%2Fwww.ibm.com%2Fus-en%2F&upid=yothsb7&osi=5cc94eacba4ebf8e2c12ffaefe461ec2&osv=1.1&upv=1.1.1"
1505381515058	Marionette	DEBUG	Received DOM event "DOMContentLoaded" for "https://bs.serving-sys.com/Serving/ActivityServer.bs?cn=as&ActivityID=1008844&ns=1"
1505381515062	Marionette	DEBUG	Received DOM event "pageshow" for "https://bs.serving-sys.com/Serving/ActivityServer.bs?cn=as&ActivityID=1008844&ns=1"
1505381515705	Marionette	DEBUG	Received DOM event "DOMContentLoaded" for "https://googleads.g.doubleclick.net/pagead/ads?client=ca-pub-6785382607161389&format=300x250&output=html&h=250&slotname=1481641241&adk=3950437848&adf=2170632788&w=300&avail_w=0&ea=0&flash=0&url=https%3A%2F%2Fwww.yahoo.com&wgl=1&dt=1505381509735&bpp=16&bdt=3879&fdt=22&idt=549&shv=r20170911&cbv=r20170110&saldr=aa&correlator=4546621648583&frm=24&ga_vid=1096813018.1505381510&ga_sid=1505381510&ga_hid=866511805&ga_fc=0&pv=2&icsg=2&nhd=2&dssz=2&mdo=33554432&mso=0&u_tz=540&u_his=1&u_java=0&u_h=1050&u_w=1680&u_ah=1027&u_aw=1676&u_cd=24&u_nplug=0&u_nmime=0&adx=0&ady=0&biw=-12245933&bih=-12245933&isw=0&ish=0&ifk=2757988813&eid=33895410%2C389613004%2C25070060&oid=3&loc=https%3A%2F%2Fwww.yahoo.com%2F&rx=0&eae=3&brdim=%2C%2C8%2C46%2C1676%2C23%2C2560%2C1848%2C0%2C0&vis=1&rsz=%7C%7Cc%7C&abl=NS&ppjl=f&pfx=0&fu=16&bc=1&ifi=1&dtd=595"
1505381515719	Marionette	DEBUG	Received DOM event "DOMContentLoaded" for "https://googleads.g.doubleclick.net/pagead/ads?client=ca-pub-6785382607161389&format=970x250&output=html&h=250&slotname=1481641241&adk=873667032&adf=2170632791&w=970&ea=0&flash=0&url=https%3A%2F%2Fwww.yahoo.com&wgl=1&dt=1505381509700&bpp=17&bdt=3840&fdt=27&idt=521&shv=r20170911&cbv=r20170110&saldr=aa&correlator=8386373574299&frm=24&ga_vid=2096211310.1505381510&ga_sid=1505381510&ga_hid=609803658&ga_fc=0&pv=2&icsg=2&nhd=2&dssz=2&mdo=33554432&mso=0&u_tz=540&u_his=1&u_java=0&u_h=1050&u_w=1680&u_ah=1027&u_aw=1676&u_cd=24&u_nplug=0&u_nmime=0&adx=0&ady=0&biw=-12245933&bih=-12245933&isw=0&ish=0&ifk=2757988813&oid=3&loc=https%3A%2F%2Fwww.yahoo.com%2F&rx=0&eae=3&brdim=%2C%2C8%2C46%2C1676%2C23%2C2560%2C1848%2C0%2C0&vis=1&rsz=%7C%7Cc%7C&abl=NS&ppjl=f&pfx=0&fu=16&bc=1&ifi=1&dtd=571"
1505381516007	Marionette	DEBUG	Received DOM event "DOMContentLoaded" for "https://googleads.g.doubleclick.net/pagead/drt/s?v=r20120211"
1505381516015	Marionette	DEBUG	Received DOM event "pageshow" for "https://googleads.g.doubleclick.net/pagead/drt/s?v=r20120211"
1505381516015	Marionette	DEBUG	Received DOM event "DOMContentLoaded" for "https://googleads.g.doubleclick.net/pagead/drt/s?v=r20120211"
1505381516019	Marionette	DEBUG	Received DOM event "pageshow" for "https://googleads.g.doubleclick.net/pagead/drt/s?v=r20120211"
1505381516020	Marionette	DEBUG	Received DOM event "DOMContentLoaded" for "https://pagead2.googlesyndication.com/pagead/s/cookie_push.html#aHR0cHM6Ly9ycC5nd2FsbGV0LmNvbS9yMS91Y20_Z29vZ2xlX2dpZD1DQUVTRUt5VzJEbmptUHZsYjJOWi1wTzROaFEmZ29vZ2xlX2N2ZXI9MSZnb29nbGVfcHVzaD1BSE5GMTNKcWZIbkNLS19pUDVEaXhieVdqcXNPcjEzWVVLYVc0eUtuMmtLRw==,aHR0cHM6Ly9jbS5nLmRvdWJsZWNsaWNrLm5ldC9waXhlbC9hdHRyP2Q9QUhORjEzS3k3SGpoZHZQUVVrV21jQTJjaHBtWG9ld2syM0lI"
1505381516021	Marionette	DEBUG	Received DOM event "DOMContentLoaded" for "https://pagead2.googlesyndication.com/pagead/s/cookie_push.html#aHR0cHM6Ly9wci1iaC55YnAueWFob28uY29tL3N5bmMvYWR4P2dvb2dsZV9naWQ9Q0FFU0VKa3RJYkFGdHZ5VDlhNk1MekkwY0xFJmdvb2dsZV9jdmVyPTEmZ29vZ2xlX3B1c2g9QUhORjEzTG1HSWtXeTBwYzMyUjB1dExxZVVkaG1hMTFwVlVNSnpPNlM2UTZkUQ==,aHR0cHM6Ly9jbS5nLmRvdWJsZWNsaWNrLm5ldC9waXhlbC9hdHRyP2Q9QUhORjEzSnh3OFNiTDVBNjhFTF8tbVlYOXk1VUZ0MTZRRDFt"
1505381516569	Marionette	DEBUG	Received DOM event "DOMContentLoaded" for "https://www.ibm.com/us-en/"
1505381516685	Marionette	DEBUG	Received DOM event "DOMContentLoaded" for "https://googleads.g.doubleclick.net/pagead/drt/si"
1505381516689	Marionette	DEBUG	Received DOM event "pageshow" for "https://googleads.g.doubleclick.net/pagead/drt/si"
1505381516704	Marionette	DEBUG	Received DOM event "pageshow" for "https://pagead2.googlesyndication.com/pagead/s/cookie_push.html#aHR0cHM6Ly9wci1iaC55YnAueWFob28uY29tL3N5bmMvYWR4P2dvb2dsZV9naWQ9Q0FFU0VKa3RJYkFGdHZ5VDlhNk1MekkwY0xFJmdvb2dsZV9jdmVyPTEmZ29vZ2xlX3B1c2g9QUhORjEzTG1HSWtXeTBwYzMyUjB1dExxZVVkaG1hMTFwVlVNSnpPNlM2UTZkUQ==,aHR0cHM6Ly9jbS5nLmRvdWJsZWNsaWNrLm5ldC9waXhlbC9hdHRyP2Q9QUhORjEzSnh3OFNiTDVBNjhFTF8tbVlYOXk1VUZ0MTZRRDFt"
1505381516730	Marionette	DEBUG	Received DOM event "DOMContentLoaded" for "https://pixel.mathtag.com/sync/iframe?mt_uuid=100059ba-4c87-4f00-b25e-d1a781ba40f1&no_iframe=1&mt_adid=171815&mt_lim=5"
1505381516898	Marionette	DEBUG	Received DOM event "DOMContentLoaded" for "https://googleads.g.doubleclick.net/pagead/drt/si"
1505381516900	Marionette	DEBUG	Received DOM event "pageshow" for "https://googleads.g.doubleclick.net/pagead/drt/si"
1505381516906	Marionette	DEBUG	Received DOM event "pageshow" for "https://googleads.g.doubleclick.net/pagead/ads?client=ca-pub-6785382607161389&format=970x250&output=html&h=250&slotname=1481641241&adk=873667032&adf=2170632791&w=970&ea=0&flash=0&url=https%3A%2F%2Fwww.yahoo.com&wgl=1&dt=1505381509700&bpp=17&bdt=3840&fdt=27&idt=521&shv=r20170911&cbv=r20170110&saldr=aa&correlator=8386373574299&frm=24&ga_vid=2096211310.1505381510&ga_sid=1505381510&ga_hid=609803658&ga_fc=0&pv=2&icsg=2&nhd=2&dssz=2&mdo=33554432&mso=0&u_tz=540&u_his=1&u_java=0&u_h=1050&u_w=1680&u_ah=1027&u_aw=1676&u_cd=24&u_nplug=0&u_nmime=0&adx=0&ady=0&biw=-12245933&bih=-12245933&isw=0&ish=0&ifk=2757988813&oid=3&loc=https%3A%2F%2Fwww.yahoo.com%2F&rx=0&eae=3&brdim=%2C%2C8%2C46%2C1676%2C23%2C2560%2C1848%2C0%2C0&vis=1&rsz=%7C%7Cc%7C&abl=NS&ppjl=f&pfx=0&fu=16&bc=1&ifi=1&dtd=571"
1505381516913	Marionette	DEBUG	Received DOM event "pageshow" for "https://googleads.g.doubleclick.net/pagead/ads?client=ca-pub-6785382607161389&format=970x250&output=html&h=250&slotname=1481641241&adk=873667032&adf=2170632791&w=970&ea=0&flash=0&url=https%3A%2F%2Fwww.yahoo.com&wgl=1&dt=1505381509700&bpp=17&bdt=3840&fdt=27&idt=521&shv=r20170911&cbv=r20170110&saldr=aa&correlator=8386373574299&frm=24&ga_vid=2096211310.1505381510&ga_sid=1505381510&ga_hid=609803658&ga_fc=0&pv=2&icsg=2&nhd=2&dssz=2&mdo=33554432&mso=0&u_tz=540&u_his=1&u_java=0&u_h=1050&u_w=1680&u_ah=1027&u_aw=1676&u_cd=24&u_nplug=0&u_nmime=0&adx=0&ady=0&biw=-12245933&bih=-12245933&isw=0&ish=0&ifk=2757988813&oid=3&loc=https%3A%2F%2Fwww.yahoo.com%2F&rx=0&eae=3&brdim=%2C%2C8%2C46%2C1676%2C23%2C2560%2C1848%2C0%2C0&vis=1&rsz=%7C%7Cc%7C&abl=NS&ppjl=f&pfx=0&fu=16&bc=1&ifi=1&dtd=571"
1505381516915	Marionette	DEBUG	Received DOM event "pageshow" for "https://s.yimg.com/rq/darla/3-0-5/html/r-sf.html"
1505381516927	Marionette	DEBUG	Received DOM event "pageshow" for "https://images-na.ssl-images-amazon.com/images/G/01/ape/sf/desktop/sf-1.13FX2._V517805819_.html"
1505381516937	Marionette	DEBUG	Received DOM event "pageshow" for "https://s.yimg.com/rq/darla/3-0-5/html/r-sf.html"
1505381516938	Marionette	DEBUG	Received DOM event "DOMContentLoaded" for "https://googleads.g.doubleclick.net/pagead/ads?client=ca-pub-6785382607161389&format=970x250&output=html&h=250&slotname=1481641241&adk=873667032&adf=2170632791&w=970&ea=0&flash=0&url=https%3A%2F%2Fwww.yahoo.com&wgl=1&dt=1505381509700&bpp=17&bdt=3840&fdt=27&idt=521&shv=r20170911&cbv=r20170110&saldr=aa&correlator=8386373574299&frm=24&ga_vid=2096211310.1505381510&ga_sid=1505381510&ga_hid=609803658&ga_fc=0&pv=2&icsg=2&nhd=2&dssz=2&mdo=33554432&mso=0&u_tz=540&u_his=1&u_java=0&u_h=1050&u_w=1680&u_ah=1027&u_aw=1676&u_cd=24&u_nplug=0&u_nmime=0&adx=0&ady=0&biw=-12245933&bih=-12245933&isw=0&ish=0&ifk=2757988813&oid=3&loc=https%3A%2F%2Fwww.yahoo.com%2F&rx=0&eae=3&brdim=%2C%2C8%2C46%2C1676%2C23%2C2560%2C1848%2C0%2C0&vis=1&rsz=%7C%7Cc%7C&abl=NS&ppjl=f&pfx=0&fu=16&bc=1&ifi=1&dtd=571"
1505381516947	Marionette	DEBUG	Received DOM event "pageshow" for "https://pixel.mathtag.com/sync/iframe?mt_uuid=100059ba-4c87-4f00-b25e-d1a781ba40f1&no_iframe=1&mt_adid=171815&mt_lim=5"
1505381516969	Marionette	DEBUG	Received DOM event "pageshow" for "https://googleads.g.doubleclick.net/pagead/ads?client=ca-pub-6785382607161389&format=970x250&output=html&h=250&slotname=1481641241&adk=873667032&adf=2170632791&w=970&ea=0&flash=0&url=https%3A%2F%2Fwww.yahoo.com&wgl=1&dt=1505381509700&bpp=17&bdt=3840&fdt=27&idt=521&shv=r20170911&cbv=r20170110&saldr=aa&correlator=8386373574299&frm=24&ga_vid=2096211310.1505381510&ga_sid=1505381510&ga_hid=609803658&ga_fc=0&pv=2&icsg=2&nhd=2&dssz=2&mdo=33554432&mso=0&u_tz=540&u_his=1&u_java=0&u_h=1050&u_w=1680&u_ah=1027&u_aw=1676&u_cd=24&u_nplug=0&u_nmime=0&adx=0&ady=0&biw=-12245933&bih=-12245933&isw=0&ish=0&ifk=2757988813&oid=3&loc=https%3A%2F%2Fwww.yahoo.com%2F&rx=0&eae=3&brdim=%2C%2C8%2C46%2C1676%2C23%2C2560%2C1848%2C0%2C0&vis=1&rsz=%7C%7Cc%7C&abl=NS&ppjl=f&pfx=0&fu=16&bc=1&ifi=1&dtd=571"
1505381517136	Marionette	DEBUG	Received DOM event "DOMContentLoaded" for "https://bcp.crwdcntrl.net/5/ct=y/c=10026/rand=829841308/pv=y/tp=IBMX/seg=IBMID%3ANo/int=%23OpR%2377304%23digitalData%20%3A%20siteID%20%3A%20IBM_GlobalMarketing/int=%23OpR%2377859%23Homepage%20Visit%20%3A%20ibm.com/int=%23OpR%2377873%23Homepage%20Visit%20%3A%20ibm.com%2Fus-en/int=%23OpR%2378616%23Site%20Visitor%20%3A%20IBM.com/int=%23OpR%2378749%23digitalData%20%3A%20bomboraTopics%20%3A%20Artificial%20Intelligence/int=%23OpR%2378784%23digitalData%20%3A%20bomboraTopics%20%3A%20Business%20Collaboration/int=%23OpR%2378785%23digitalData%20%3A%20bomboraTopics%20%3A%20Site%20Management/int=%23OpR%2378786%23digitalData%20%3A%20bomboraTopics%20%3A%20Software%20Design/int=%23OpR%2378787%23digitalData%20%3A%20bomboraTopics%20%3A%20Thought%20Leadership/dem=%23OpR%2377294%23digitalData%20%3A%20isIBMer%20%3A%200/dem=%23OpR%2377836%23digitalData%20%3A%20language%20%3A%20en-US/genp=%23OpR%2377458%23digitalData%20%3A%20gbt10%20%3A%20G0000/genp=%23OpR%2377460%23digitalData%20%3A%20gbt17%20%3A%20/genp=%23OpR%2377462%23digitalData%20%3A%20gbt20%20%3A%20/genp=%23OpR%2377464%23digitalData%20%3A%20gbt30%20%3A%20/ug=%23OpR%2378009%23https%3A%2F%2Fwww.ibm.com%2Fus-en%2F/rt=ifr"
1505381517305	Marionette	DEBUG	Received observer notification "outer-window-destroyed" for "2147483688"
1505381517371	Marionette	DEBUG	Received DOM event "pageshow" for "https://images-na.ssl-images-amazon.com/images/G/01/ape/sf/desktop/sf-1.13FX2._V517805819_.html"
1505381517422	Marionette	DEBUG	Received DOM event "pageshow" for "https://pagead2.googlesyndication.com/pagead/s/cookie_push.html#aHR0cHM6Ly9ycC5nd2FsbGV0LmNvbS9yMS91Y20_Z29vZ2xlX2dpZD1DQUVTRUt5VzJEbmptUHZsYjJOWi1wTzROaFEmZ29vZ2xlX2N2ZXI9MSZnb29nbGVfcHVzaD1BSE5GMTNKcWZIbkNLS19pUDVEaXhieVdqcXNPcjEzWVVLYVc0eUtuMmtLRw==,aHR0cHM6Ly9jbS5nLmRvdWJsZWNsaWNrLm5ldC9waXhlbC9hdHRyP2Q9QUhORjEzS3k3SGpoZHZQUVVrV21jQTJjaHBtWG9ld2syM0lI"
1505381517431	Marionette	DEBUG	Received DOM event "pageshow" for "https://googleads.g.doubleclick.net/pagead/ads?client=ca-pub-6785382607161389&format=300x250&output=html&h=250&slotname=1481641241&adk=3950437848&adf=2170632788&w=300&avail_w=0&ea=0&flash=0&url=https%3A%2F%2Fwww.yahoo.com&wgl=1&dt=1505381509735&bpp=16&bdt=3879&fdt=22&idt=549&shv=r20170911&cbv=r20170110&saldr=aa&correlator=4546621648583&frm=24&ga_vid=1096813018.1505381510&ga_sid=1505381510&ga_hid=866511805&ga_fc=0&pv=2&icsg=2&nhd=2&dssz=2&mdo=33554432&mso=0&u_tz=540&u_his=1&u_java=0&u_h=1050&u_w=1680&u_ah=1027&u_aw=1676&u_cd=24&u_nplug=0&u_nmime=0&adx=0&ady=0&biw=-12245933&bih=-12245933&isw=0&ish=0&ifk=2757988813&eid=33895410%2C389613004%2C25070060&oid=3&loc=https%3A%2F%2Fwww.yahoo.com%2F&rx=0&eae=3&brdim=%2C%2C8%2C46%2C1676%2C23%2C2560%2C1848%2C0%2C0&vis=1&rsz=%7C%7Cc%7C&abl=NS&ppjl=f&pfx=0&fu=16&bc=1&ifi=1&dtd=595"
1505381517439	Marionette	DEBUG	Received DOM event "pageshow" for "https://googleads.g.doubleclick.net/pagead/ads?client=ca-pub-6785382607161389&format=300x250&output=html&h=250&slotname=1481641241&adk=3950437848&adf=2170632788&w=300&avail_w=0&ea=0&flash=0&url=https%3A%2F%2Fwww.yahoo.com&wgl=1&dt=1505381509735&bpp=16&bdt=3879&fdt=22&idt=549&shv=r20170911&cbv=r20170110&saldr=aa&correlator=4546621648583&frm=24&ga_vid=1096813018.1505381510&ga_sid=1505381510&ga_hid=866511805&ga_fc=0&pv=2&icsg=2&nhd=2&dssz=2&mdo=33554432&mso=0&u_tz=540&u_his=1&u_java=0&u_h=1050&u_w=1680&u_ah=1027&u_aw=1676&u_cd=24&u_nplug=0&u_nmime=0&adx=0&ady=0&biw=-12245933&bih=-12245933&isw=0&ish=0&ifk=2757988813&eid=33895410%2C389613004%2C25070060&oid=3&loc=https%3A%2F%2Fwww.yahoo.com%2F&rx=0&eae=3&brdim=%2C%2C8%2C46%2C1676%2C23%2C2560%2C1848%2C0%2C0&vis=1&rsz=%7C%7Cc%7C&abl=NS&ppjl=f&pfx=0&fu=16&bc=1&ifi=1&dtd=595"
1505381517444	Marionette	DEBUG	Received DOM event "pageshow" for "https://s.yimg.com/rq/darla/3-0-5/html/r-sf.html"
1505381517464	Marionette	DEBUG	Received DOM event "pageshow" for "https://s.yimg.com/rq/darla/3-0-5/html/r-sf.html"
1505381517566	Marionette	DEBUG	Received DOM event "pageshow" for "https://www.yahoo.com/"
1505381517714	Marionette	DEBUG	Received DOM event "pageshow" for "https://www.ibm.com/us-en/"
1505381517716	Marionette	DEBUG	Received DOM event "pageshow" for "https://www.ibm.com/us-en/"
1505381517923	Marionette	DEBUG	Received DOM event "pageshow" for "https://www.amazon.com/"
1505381518866	Marionette	DEBUG	Received DOM event "DOMContentLoaded" for "https://vars.hotjar.com/rcj-99d43ead6bdf30da8ed5ffcb4f17100c.html"
1505381518867	Marionette	DEBUG	Received DOM event "pageshow" for "https://vars.hotjar.com/rcj-99d43ead6bdf30da8ed5ffcb4f17100c.html"
1505381519129	Marionette	DEBUG	Received DOM event "pageshow" for "https://bcp.crwdcntrl.net/5/ct=y/c=10026/rand=829841308/pv=y/tp=IBMX/seg=IBMID%3ANo/int=%23OpR%2377304%23digitalData%20%3A%20siteID%20%3A%20IBM_GlobalMarketing/int=%23OpR%2377859%23Homepage%20Visit%20%3A%20ibm.com/int=%23OpR%2377873%23Homepage%20Visit%20%3A%20ibm.com%2Fus-en/int=%23OpR%2378616%23Site%20Visitor%20%3A%20IBM.com/int=%23OpR%2378749%23digitalData%20%3A%20bomboraTopics%20%3A%20Artificial%20Intelligence/int=%23OpR%2378784%23digitalData%20%3A%20bomboraTopics%20%3A%20Business%20Collaboration/int=%23OpR%2378785%23digitalData%20%3A%20bomboraTopics%20%3A%20Site%20Management/int=%23OpR%2378786%23digitalData%20%3A%20bomboraTopics%20%3A%20Software%20Design/int=%23OpR%2378787%23digitalData%20%3A%20bomboraTopics%20%3A%20Thought%20Leadership/dem=%23OpR%2377294%23digitalData%20%3A%20isIBMer%20%3A%200/dem=%23OpR%2377836%23digitalData%20%3A%20language%20%3A%20en-US/genp=%23OpR%2377458%23digitalData%20%3A%20gbt10%20%3A%20G0000/genp=%23OpR%2377460%23digitalData%20%3A%20gbt17%20%3A%20/genp=%23OpR%2377462%23digitalData%20%3A%20gbt20%20%3A%20/genp=%23OpR%2377464%23digitalData%20%3A%20gbt30%20%3A%20/ug=%23OpR%2378009%23https%3A%2F%2Fwww.ibm.com%2Fus-en%2F/rt=ifr"
1505381519154	Marionette	DEBUG	Received DOM event "pageshow" for "https://www.ibm.com/us-en/"
1505381527480	Marionette	INFO	Ceased listening
1505381528527	Marionette	INFO	Ceased listening
1505381530346	Marionette	INFO	Ceased listening
1505381531956	Marionette	INFO	Ceased listening
1505381533231	Marionette	INFO	Ceased listening
1505433978446	geckodriver	INFO	geckodriver 0.18.0
1505433978499	geckodriver	INFO	Listening on 127.0.0.1:61103
1505433979537	geckodriver::marionette	INFO	Starting browser /Applications/Firefox.app/Contents/MacOS/firefox-bin with args ["-marionette"]
1505433981463	Marionette	INFO	Listening on port 61120
1505433981529	Marionette	WARN	TLS certificate errors will be ignored for this session
1505433981706	Marionette	DEBUG	loaded listener.js
1505433981724	geckodriver	INFO	geckodriver 0.18.0
1505433981788	geckodriver	INFO	Listening on 127.0.0.1:61193
2017-09-15 09:06:21.804 plugin-container[6037:2703806] *** CFMessagePort: bootstrap_register(): failed 1100 (0x44c) 'Permission denied', port = 0x9e3b, name = 'com.apple.tsm.portname'
See /usr/include/servers/bootstrap_defs.h for the error codes.
2017-09-15 09:06:21.805 plugin-container[6037:2703806] *** CFMessagePort: bootstrap_register(): failed 1100 (0x44c) 'Permission denied', port = 0xa203, name = 'com.apple.CFPasteboardClient'
See /usr/include/servers/bootstrap_defs.h for the error codes.
1505433982798	geckodriver::marionette	INFO	Starting browser /Applications/Firefox.app/Contents/MacOS/firefox-bin with args ["-marionette"]
1505433984466	Marionette	INFO	Listening on port 61213
1505433984510	Marionette	WARN	TLS certificate errors will be ignored for this session
1505433984695	Marionette	DEBUG	loaded listener.js
1505433984714	geckodriver	INFO	geckodriver 0.18.0
2017-09-15 09:06:24.752 plugin-container[6045:2704018] *** CFMessagePort: bootstrap_register(): failed 1100 (0x44c) 'Permission denied', port = 0x9e3b, name = 'com.apple.tsm.portname'
See /usr/include/servers/bootstrap_defs.h for the error codes.
2017-09-15 09:06:24.753 plugin-container[6045:2704018] *** CFMessagePort: bootstrap_register(): failed 1100 (0x44c) 'Permission denied', port = 0xa203, name = 'com.apple.CFPasteboardClient'
See /usr/include/servers/bootstrap_defs.h for the error codes.
1505433984760	geckodriver	INFO	Listening on 127.0.0.1:61280
1505433985799	geckodriver::marionette	INFO	Starting browser /Applications/Firefox.app/Contents/MacOS/firefox-bin with args ["-marionette"]
1505433987506	Marionette	INFO	Listening on port 61299
1505433987586	Marionette	WARN	TLS certificate errors will be ignored for this session
1505433987753	Marionette	DEBUG	loaded listener.js
1505433987770	geckodriver	INFO	geckodriver 0.18.0
2017-09-15 09:06:27.817 plugin-container[6055:2704261] *** CFMessagePort: bootstrap_register(): failed 1100 (0x44c) 'Permission denied', port = 0x9e3b, name = 'com.apple.tsm.portname'
See /usr/include/servers/bootstrap_defs.h for the error codes.
2017-09-15 09:06:27.818 plugin-container[6055:2704261] *** CFMessagePort: bootstrap_register(): failed 1100 (0x44c) 'Permission denied', port = 0xa103, name = 'com.apple.CFPasteboardClient'
See /usr/include/servers/bootstrap_defs.h for the error codes.
1505433987821	geckodriver	INFO	Listening on 127.0.0.1:61368
1505433988855	geckodriver::marionette	INFO	Starting browser /Applications/Firefox.app/Contents/MacOS/firefox-bin with args ["-marionette"]
1505433990620	Marionette	INFO	Listening on port 61392
1505433990662	Marionette	WARN	TLS certificate errors will be ignored for this session
1505433990860	Marionette	DEBUG	loaded listener.js
1505433990881	geckodriver	INFO	geckodriver 0.18.0
2017-09-15 09:06:30.923 plugin-container[6065:2704464] *** CFMessagePort: bootstrap_register(): failed 1100 (0x44c) 'Permission denied', port = 0x9f3b, name = 'com.apple.tsm.portname'
See /usr/include/servers/bootstrap_defs.h for the error codes.
2017-09-15 09:06:30.924 plugin-container[6065:2704464] *** CFMessagePort: bootstrap_register(): failed 1100 (0x44c) 'Permission denied', port = 0xa203, name = 'com.apple.CFPasteboardClient'
See /usr/include/servers/bootstrap_defs.h for the error codes.
1505433990935	geckodriver	INFO	Listening on 127.0.0.1:61462
1505433991971	geckodriver::marionette	INFO	Starting browser /Applications/Firefox.app/Contents/MacOS/firefox-bin with args ["-marionette"]
[GFX1-]: Receive IPC close with reason=AbnormalShutdown
