1504364757025	geckodriver	INFO	geckodriver 0.18.0
1504364757075	geckodriver	INFO	Listening on 127.0.0.1:52774
1504364758177	geckodriver::marionette	INFO	Starting browser /Applications/Firefox.app/Contents/MacOS/firefox-bin with args ["-marionette"]
1504364759973	Marionette	INFO	Listening on port 52787
1504364760078	Marionette	WARN	TLS certificate errors will be ignored for this session
1504364760203	Marionette	DEBUG	loaded listener.js
2017-09-03 00:06:00.279 plugin-container[39477:513934] *** CFMessagePort: bootstrap_register(): failed 1100 (0x44c) 'Permission denied', port = 0x9e3b, name = 'com.apple.tsm.portname'
See /usr/include/servers/bootstrap_defs.h for the error codes.
2017-09-03 00:06:00.280 plugin-container[39477:513934] *** CFMessagePort: bootstrap_register(): failed 1100 (0x44c) 'Permission denied', port = 0xa203, name = 'com.apple.CFPasteboardClient'
See /usr/include/servers/bootstrap_defs.h for the error codes.
1504364780568	Marionette	INFO	Ceased listening
1505264998044	geckodriver	INFO	geckodriver 0.18.0
1505264998098	geckodriver	INFO	Listening on 127.0.0.1:51089
1505264999312	geckodriver::marionette	INFO	Starting browser /Applications/Firefox.app/Contents/MacOS/firefox-bin with args ["-marionette"]
1505265001603	Marionette	INFO	Listening on port 51103
2017-09-13 10:10:01.895 plugin-container[9833:141591] *** CFMessagePort: bootstrap_register(): failed 1100 (0x44c) 'Permission denied', port = 0x9a0b, name = 'com.apple.tsm.portname'
See /usr/include/servers/bootstrap_defs.h for the error codes.
2017-09-13 10:10:01.896 plugin-container[9833:141591] *** CFMessagePort: bootstrap_register(): failed 1100 (0x44c) 'Permission denied', port = 0xa203, name = 'com.apple.CFPasteboardClient'
See /usr/include/servers/bootstrap_defs.h for the error codes.
1505265075493	Marionette	WARN	TLS certificate errors will be ignored for this session
1505265075526	Marionette	DEBUG	loaded listener.js
1505265075560	Marionette	DEBUG	Received DOM event "beforeunload" for "about:neterror?e=netTimeout&u=http%3A//sminfo.mss.go.kr/&c=UTF-8&f=regular&d=sminfo.mss.go.kr%20%EC%84%9C%EB%B2%84%EC%9D%98%20%EC%9D%91%EB%8B%B5%EC%9D%B4%20%EB%84%88%EB%AC%B4%20%EB%8A%A6%EC%8A%B5%EB%8B%88%EB%8B%A4."
1505265108918	Marionette	DEBUG	Received DOM event "beforeunload" for "about:neterror?e=netTimeout&u=http%3A//sminfo.mss.go.kr/&c=UTF-8&f=regular&d=sminfo.mss.go.kr%20%EC%84%9C%EB%B2%84%EC%9D%98%20%EC%9D%91%EB%8B%B5%EC%9D%B4%20%EB%84%88%EB%AC%B4%20%EB%8A%A6%EC%8A%B5%EB%8B%88%EB%8B%A4."
1505265108957	Marionette	DEBUG	Received DOM event "pagehide" for "about:neterror?e=netTimeout&u=http%3A//sminfo.mss.go.kr/&c=UTF-8&f=regular&d=sminfo.mss.go.kr%20%EC%84%9C%EB%B2%84%EC%9D%98%20%EC%9D%91%EB%8B%B5%EC%9D%B4%20%EB%84%88%EB%AC%B4%20%EB%8A%A6%EC%8A%B5%EB%8B%88%EB%8B%A4."
1505265108957	Marionette	DEBUG	Received DOM event "unload" for "about:neterror?e=netTimeout&u=http%3A//sminfo.mss.go.kr/&c=UTF-8&f=regular&d=sminfo.mss.go.kr%20%EC%84%9C%EB%B2%84%EC%9D%98%20%EC%9D%91%EB%8B%B5%EC%9D%B4%20%EB%84%88%EB%AC%B4%20%EB%8A%A6%EC%8A%B5%EB%8B%88%EB%8B%A4."
1505265108959	Marionette	DEBUG	Received observer notification "outer-window-destroyed" for "2147483649"
*************************
A coding exception was thrown and uncaught in a Task.

Full message: TypeError: NetworkError when attempting to fetch resource.
Full stack: 
*************************
1505266408662	geckodriver	INFO	geckodriver 0.18.0
1505266408705	geckodriver	INFO	Listening on 127.0.0.1:51751
1505266409760	geckodriver::marionette	INFO	Starting browser /Applications/Firefox.app/Contents/MacOS/firefox-bin with args ["-marionette"]
1505266411448	Marionette	INFO	Listening on port 51764
1505266411648	Marionette	WARN	TLS certificate errors will be ignored for this session
1505266411783	Marionette	DEBUG	loaded listener.js
2017-09-13 10:33:31.817 plugin-container[12838:197015] *** CFMessagePort: bootstrap_register(): failed 1100 (0x44c) 'Permission denied', port = 0x9e3b, name = 'com.apple.tsm.portname'
See /usr/include/servers/bootstrap_defs.h for the error codes.
2017-09-13 10:33:31.817 plugin-container[12838:197015] *** CFMessagePort: bootstrap_register(): failed 1100 (0x44c) 'Permission denied', port = 0xa203, name = 'com.apple.CFPasteboardClient'
See /usr/include/servers/bootstrap_defs.h for the error codes.
1505266411825	Marionette	DEBUG	Received DOM event "beforeunload" for "about:blank"
1505266414202	Marionette	DEBUG	Received DOM event "pagehide" for "about:blank"
1505266414202	Marionette	DEBUG	Received DOM event "unload" for "about:blank"
1505266419342	Marionette	DEBUG	Received DOM event "DOMContentLoaded" for "http://sminfo.mss.go.kr/"
1505266419345	Marionette	DEBUG	Received DOM event "DOMContentLoaded" for "http://sminfo.mss.go.kr/"
1505266419347	Marionette	DEBUG	Received DOM event "pageshow" for "http://sminfo.mss.go.kr/"
1505266419626	Marionette	DEBUG	Received DOM event "pageshow" for "http://sminfo.mss.go.kr/"
1505266419821	Marionette	DEBUG	Received DOM event "beforeunload" for "http://sminfo.mss.go.kr/"
1505266420648	Marionette	DEBUG	Received DOM event "pagehide" for "http://sminfo.mss.go.kr/"
1505266420648	Marionette	DEBUG	Received DOM event "unload" for "http://sminfo.mss.go.kr/"
1505266421459	Marionette	DEBUG	Received observer notification "outer-window-destroyed" for "2147483653"
1505266421506	Marionette	DEBUG	Received DOM event "DOMContentLoaded" for "https://sminfo.mss.go.kr/cm/mm/CMM004R1.login"
1505266421874	Marionette	DEBUG	loaded listener.js
1505266421952	Marionette	DEBUG	loaded listener.js
1505266443123	Marionette	INFO	Ceased listening
1505270136834	geckodriver	INFO	geckodriver 0.18.0
1505270136885	geckodriver	INFO	Listening on 127.0.0.1:53503
1505270137918	geckodriver::marionette	INFO	Starting browser /Applications/Firefox.app/Contents/MacOS/firefox-bin with args ["-marionette"]
1505270139582	Marionette	INFO	Listening on port 53516
1505270139625	Marionette	WARN	TLS certificate errors will be ignored for this session
1505270139815	Marionette	DEBUG	loaded listener.js
1505270139869	Marionette	DEBUG	Received DOM event "beforeunload" for "about:blank"
2017-09-13 11:35:39.893 plugin-container[20681:328749] *** CFMessagePort: bootstrap_register(): failed 1100 (0x44c) 'Permission denied', port = 0x9e3b, name = 'com.apple.tsm.portname'
See /usr/include/servers/bootstrap_defs.h for the error codes.
2017-09-13 11:35:39.894 plugin-container[20681:328749] *** CFMessagePort: bootstrap_register(): failed 1100 (0x44c) 'Permission denied', port = 0xa203, name = 'com.apple.CFPasteboardClient'
See /usr/include/servers/bootstrap_defs.h for the error codes.
1505270176252	Marionette	DEBUG	loaded listener.js
1505270204408	Marionette	DEBUG	Received observer notification "outer-window-destroyed" for "2147483655"
1505270204408	Marionette	DEBUG	Received observer notification "outer-window-destroyed" for "2147483656"
1505270204409	Marionette	DEBUG	Received observer notification "outer-window-destroyed" for "2147483660"
1505270204410	Marionette	DEBUG	Received observer notification "outer-window-destroyed" for "2147483661"
1505270204410	Marionette	DEBUG	Received observer notification "outer-window-destroyed" for "2147483662"
1505270204411	Marionette	DEBUG	Received observer notification "outer-window-destroyed" for "2147483652"
1505270205864	Marionette	DEBUG	Received DOM event "beforeunload" for "about:blank"
1505270205912	Marionette	DEBUG	Received DOM event "pagehide" for "about:blank"
1505270205913	Marionette	DEBUG	Received DOM event "unload" for "about:blank"
1505270205914	Marionette	DEBUG	Received observer notification "outer-window-destroyed" for "2147483649"
*************************
A coding exception was thrown and uncaught in a Task.

Full message: TypeError: NetworkError when attempting to fetch resource.
Full stack: 
*************************
1505271570966	geckodriver	INFO	geckodriver 0.18.0
1505271571009	geckodriver	INFO	Listening on 127.0.0.1:55162
1505271572056	geckodriver::marionette	INFO	Starting browser /Applications/Firefox.app/Contents/MacOS/firefox-bin with args ["-marionette"]
1505271573735	Marionette	INFO	Listening on port 55175
1505271573781	Marionette	WARN	TLS certificate errors will be ignored for this session
1505271573970	Marionette	DEBUG	loaded listener.js
1505271573997	Marionette	DEBUG	Received DOM event "beforeunload" for "about:blank"
2017-09-13 11:59:34.044 plugin-container[23765:384220] *** CFMessagePort: bootstrap_register(): failed 1100 (0x44c) 'Permission denied', port = 0x9c3b, name = 'com.apple.tsm.portname'
See /usr/include/servers/bootstrap_defs.h for the error codes.
2017-09-13 11:59:34.044 plugin-container[23765:384220] *** CFMessagePort: bootstrap_register(): failed 1100 (0x44c) 'Permission denied', port = 0xa003, name = 'com.apple.CFPasteboardClient'
See /usr/include/servers/bootstrap_defs.h for the error codes.
1505271574325	Marionette	DEBUG	Received DOM event "pagehide" for "about:blank"
1505271574325	Marionette	DEBUG	Received DOM event "unload" for "about:blank"
1505271579025	Marionette	DEBUG	Received DOM event "DOMContentLoaded" for "http://sminfo.mss.go.kr/"
1505271579029	Marionette	DEBUG	Received DOM event "DOMContentLoaded" for "http://sminfo.mss.go.kr/"
1505271579030	Marionette	DEBUG	Received DOM event "pageshow" for "http://sminfo.mss.go.kr/"
1505271579271	Marionette	DEBUG	Received DOM event "pageshow" for "http://sminfo.mss.go.kr/"
1505271579502	Marionette	DEBUG	Received DOM event "beforeunload" for "http://sminfo.mss.go.kr/"
1505271581071	Marionette	DEBUG	Received DOM event "pagehide" for "http://sminfo.mss.go.kr/"
1505271581072	Marionette	DEBUG	Received DOM event "unload" for "http://sminfo.mss.go.kr/"
1505271581446	Marionette	DEBUG	Received observer notification "outer-window-destroyed" for "2147483653"
1505271581456	Marionette	DEBUG	Received DOM event "DOMContentLoaded" for "https://sminfo.mss.go.kr/cm/mm/CMM004R1.login"
1505271581818	Marionette	DEBUG	loaded listener.js
1505271581881	Marionette	DEBUG	loaded listener.js
JavaScript error: chrome://browser/content/browser.js, line 6946: NS_ERROR_XPC_GS_RETURNED_FAILURE: Component returned failure code: 0x80570016 (NS_ERROR_XPC_GS_RETURNED_FAILURE) [nsIJSCID.getService]
JavaScript error: chrome://browser/content/browser.js, line 7031: TypeError: this._overrideService is undefined
JavaScript error: http://sminfo.mss.go.kr/js/common/jquery.js, line 425: NS_ERROR_NOT_INITIALIZED: 
1505271655742	Marionette	INFO	Ceased listening
2017-09-13 12:07:18.456 plugin-container[24808:401114] *** CFMessagePort: bootstrap_register(): failed 1100 (0x44c) 'Permission denied', port = 0x9f37, name = 'com.apple.tsm.portname'
See /usr/include/servers/bootstrap_defs.h for the error codes.
2017-09-13 12:07:18.459 plugin-container[24808:401114] *** CFMessagePort: bootstrap_register(): failed 1100 (0x44c) 'Permission denied', port = 0xa203, name = 'com.apple.CFPasteboardClient'
See /usr/include/servers/bootstrap_defs.h for the error codes.
2017-09-13 12:07:25.552 plugin-container[24825:402947] *** CFMessagePort: bootstrap_register(): failed 1100 (0x44c) 'Permission denied', port = 0x9e3b, name = 'com.apple.tsm.portname'
See /usr/include/servers/bootstrap_defs.h for the error codes.
2017-09-13 12:07:25.553 plugin-container[24825:402947] *** CFMessagePort: bootstrap_register(): failed 1100 (0x44c) 'Permission denied', port = 0xa103, name = 'com.apple.CFPasteboardClient'
See /usr/include/servers/bootstrap_defs.h for the error codes.
