1500462042952	geckodriver	INFO	geckodriver 0.18.0
1500462042996	geckodriver	INFO	Listening on 127.0.0.1:64905
1500462044280	geckodriver::marionette	INFO	Starting browser /Applications/Firefox.app/Contents/MacOS/firefox-bin with args ["-marionette"]
2017-07-19 20:00:44.995 firefox-bin[38685:764484] Can't open input server /Library/InputManagers/QuicKeysIM
1500462046024	Marionette	INFO	Listening on port 64983
1500462046087	Marionette	WARN	TLS certificate errors will be ignored for this session
1500462046253	Marionette	DEBUG	loaded listener.js
1500462046278	Marionette	DEBUG	Received DOM event "beforeunload" for "about:blank"
2017-07-19 20:00:46.305 plugin-container[38686:764609] Can't open input server /Library/InputManagers/QuicKeysIM
2017-07-19 20:00:46.322 plugin-container[38686:764609] *** CFMessagePort: bootstrap_register(): failed 1100 (0x44c) 'Permission denied', port = 0x9d3b, name = 'com.apple.tsm.portname'
See /usr/include/servers/bootstrap_defs.h for the error codes.
2017-07-19 20:00:46.323 plugin-container[38686:764609] *** CFMessagePort: bootstrap_register(): failed 1100 (0x44c) 'Permission denied', port = 0xa103, name = 'com.apple.CFPasteboardClient'
See /usr/include/servers/bootstrap_defs.h for the error codes.
1500462046842	Marionette	DEBUG	Received DOM event "pagehide" for "about:blank"
1500462046843	Marionette	DEBUG	Received DOM event "unload" for "about:blank"
1500462047494	Marionette	DEBUG	Received DOM event "DOMContentLoaded" for "https://www.instagram.com/instagram/"
1500462047551	Marionette	DEBUG	Received DOM event "DOMContentLoaded" for "https://www.instagram.com/instagram/"
1500462047566	Marionette	DEBUG	Received DOM event "pageshow" for "https://www.instagram.com/instagram/"
1500462047616	Marionette	DEBUG	Received DOM event "pageshow" for "https://www.instagram.com/instagram/"
1500462047678	Marionette	DEBUG	Received DOM event "DOMContentLoaded" for "https://staticxx.facebook.com/connect/xd_arbiter/r/XBwzv5Yrm_1.js?version=42#channel=fa871179c4f01c&origin=https%3A%2F%2Fwww.instagram.com"
1500462047680	Marionette	DEBUG	Received DOM event "pageshow" for "https://staticxx.facebook.com/connect/xd_arbiter/r/XBwzv5Yrm_1.js?version=42#channel=fa871179c4f01c&origin=https%3A%2F%2Fwww.instagram.com"
1500462047812	Marionette	DEBUG	Received DOM event "pageshow" for "https://www.instagram.com/instagram/"
1500462047992	Marionette	DEBUG	Received DOM event "pagehide" for "https://www.instagram.com/instagram/"
1500462048008	Marionette	DEBUG	Received DOM event "pagehide" for "https://staticxx.facebook.com/connect/xd_arbiter/r/XBwzv5Yrm_1.js?version=42#cb=f155b4a73c8441a&domain=www.instagram.com&origin=https%3A%2F%2Fwww.instagram.com%2Ffa871179c4f01c&relation=parent&error=unknown_user"
1500462048017	Marionette	DEBUG	Received observer notification "outer-window-destroyed" for "2147483658"
1500462048185	Marionette	DEBUG	Canceled page load listener because no navigation has been detected
1500462095721	geckodriver	INFO	geckodriver 0.18.0
1500462095764	geckodriver	INFO	Listening on 127.0.0.1:51971
1500462096792	geckodriver::marionette	INFO	Starting browser /Applications/Firefox.app/Contents/MacOS/firefox-bin with args ["-marionette"]
2017-07-19 20:01:37.408 firefox-bin[38768:766530] Can't open input server /Library/InputManagers/QuicKeysIM
1500462098431	Marionette	INFO	Listening on port 52048
1500462098478	Marionette	WARN	TLS certificate errors will be ignored for this session
1500462098661	Marionette	DEBUG	loaded listener.js
1500462098699	Marionette	DEBUG	Received DOM event "beforeunload" for "about:blank"
2017-07-19 20:01:38.717 plugin-container[38771:766664] Can't open input server /Library/InputManagers/QuicKeysIM
2017-07-19 20:01:38.732 plugin-container[38771:766664] *** CFMessagePort: bootstrap_register(): failed 1100 (0x44c) 'Permission denied', port = 0x9c3b, name = 'com.apple.tsm.portname'
See /usr/include/servers/bootstrap_defs.h for the error codes.
2017-07-19 20:01:38.732 plugin-container[38771:766664] *** CFMessagePort: bootstrap_register(): failed 1100 (0x44c) 'Permission denied', port = 0xa003, name = 'com.apple.CFPasteboardClient'
See /usr/include/servers/bootstrap_defs.h for the error codes.
1500462099658	Marionette	DEBUG	Received DOM event "pagehide" for "about:blank"
1500462099658	Marionette	DEBUG	Received DOM event "unload" for "about:blank"
1500462100230	Marionette	DEBUG	Received DOM event "DOMContentLoaded" for "https://www.instagram.com/instagram/"
1500462100253	Marionette	DEBUG	Received DOM event "DOMContentLoaded" for "https://www.instagram.com/instagram/"
1500462100265	Marionette	DEBUG	Received DOM event "pageshow" for "https://www.instagram.com/instagram/"
1500462100363	Marionette	DEBUG	Received DOM event "pageshow" for "https://www.instagram.com/instagram/"
1500462100408	Marionette	DEBUG	Received DOM event "DOMContentLoaded" for "https://staticxx.facebook.com/connect/xd_arbiter/r/XBwzv5Yrm_1.js?version=42#channel=f21be64c4089a1c&origin=https%3A%2F%2Fwww.instagram.com"
1500462100410	Marionette	DEBUG	Received DOM event "pageshow" for "https://staticxx.facebook.com/connect/xd_arbiter/r/XBwzv5Yrm_1.js?version=42#channel=f21be64c4089a1c&origin=https%3A%2F%2Fwww.instagram.com"
1500462100564	Marionette	DEBUG	Received DOM event "pageshow" for "https://www.instagram.com/instagram/"
1500462100733	Marionette	DEBUG	Received DOM event "pagehide" for "https://www.instagram.com/instagram/"
1500462100749	Marionette	DEBUG	Received DOM event "pagehide" for "https://staticxx.facebook.com/connect/xd_arbiter/r/XBwzv5Yrm_1.js?version=42#cb=f11b068a61e5242&domain=www.instagram.com&origin=https%3A%2F%2Fwww.instagram.com%2Ff21be64c4089a1c&relation=parent&error=unknown_user"
1500462100759	Marionette	DEBUG	Received observer notification "outer-window-destroyed" for "2147483658"
1500462100931	Marionette	DEBUG	Canceled page load listener because no navigation has been detected
1500462115180	Marionette	INFO	Ceased listening
1500462194308	geckodriver	INFO	geckodriver 0.18.0
1500462194356	geckodriver	INFO	Listening on 127.0.0.1:58411
1500462195398	geckodriver::marionette	INFO	Starting browser /Applications/Firefox.app/Contents/MacOS/firefox-bin with args ["-marionette"]
2017-07-19 20:03:16.029 firefox-bin[38911:771153] Can't open input server /Library/InputManagers/QuicKeysIM
1500462197093	Marionette	INFO	Listening on port 58488
1500462197182	Marionette	WARN	TLS certificate errors will be ignored for this session
1500462197323	Marionette	DEBUG	loaded listener.js
1500462197356	Marionette	DEBUG	Received DOM event "beforeunload" for "about:blank"
2017-07-19 20:03:17.375 plugin-container[38914:771286] Can't open input server /Library/InputManagers/QuicKeysIM
2017-07-19 20:03:17.396 plugin-container[38914:771286] *** CFMessagePort: bootstrap_register(): failed 1100 (0x44c) 'Permission denied', port = 0x9e3b, name = 'com.apple.tsm.portname'
See /usr/include/servers/bootstrap_defs.h for the error codes.
2017-07-19 20:03:17.396 plugin-container[38914:771286] *** CFMessagePort: bootstrap_register(): failed 1100 (0x44c) 'Permission denied', port = 0xa103, name = 'com.apple.CFPasteboardClient'
See /usr/include/servers/bootstrap_defs.h for the error codes.
1500462197963	Marionette	DEBUG	Received DOM event "pagehide" for "about:blank"
1500462197964	Marionette	DEBUG	Received DOM event "unload" for "about:blank"
1500462198537	Marionette	DEBUG	Received DOM event "DOMContentLoaded" for "https://www.instagram.com/instagram/"
1500462198591	Marionette	DEBUG	Received DOM event "DOMContentLoaded" for "https://www.instagram.com/instagram/"
1500462198607	Marionette	DEBUG	Received DOM event "pageshow" for "https://www.instagram.com/instagram/"
1500462198669	Marionette	DEBUG	Received DOM event "pageshow" for "https://www.instagram.com/instagram/"
1500462198717	Marionette	DEBUG	Received DOM event "DOMContentLoaded" for "https://staticxx.facebook.com/connect/xd_arbiter/r/XBwzv5Yrm_1.js?version=42#channel=f2ceb61371119ee&origin=https%3A%2F%2Fwww.instagram.com"
1500462198718	Marionette	DEBUG	Received DOM event "pageshow" for "https://staticxx.facebook.com/connect/xd_arbiter/r/XBwzv5Yrm_1.js?version=42#channel=f2ceb61371119ee&origin=https%3A%2F%2Fwww.instagram.com"
1500462198870	Marionette	DEBUG	Received DOM event "pageshow" for "https://www.instagram.com/instagram/"
1500462199046	Marionette	DEBUG	Received DOM event "pagehide" for "https://www.instagram.com/instagram/"
1500462199061	Marionette	DEBUG	Received DOM event "pagehide" for "https://staticxx.facebook.com/connect/xd_arbiter/r/XBwzv5Yrm_1.js?version=42#cb=f211ae4aae6d016&domain=www.instagram.com&origin=https%3A%2F%2Fwww.instagram.com%2Ff2ceb61371119ee&relation=parent&error=unknown_user"
1500462199072	Marionette	DEBUG	Received observer notification "outer-window-destroyed" for "2147483658"
1500462199241	Marionette	DEBUG	Canceled page load listener because no navigation has been detected
1500462236621	geckodriver	INFO	geckodriver 0.18.0
1500462236678	geckodriver	INFO	Listening on 127.0.0.1:61208
1500462237716	geckodriver::marionette	INFO	Starting browser /Applications/Firefox.app/Contents/MacOS/firefox-bin with args ["-marionette"]
2017-07-19 20:03:58.409 firefox-bin[38981:772698] Can't open input server /Library/InputManagers/QuicKeysIM
1500462239616	Marionette	INFO	Listening on port 61286
1500462239704	Marionette	WARN	TLS certificate errors will be ignored for this session
1500462239880	Marionette	DEBUG	loaded listener.js
1500462239910	Marionette	DEBUG	Received DOM event "beforeunload" for "about:blank"
2017-07-19 20:03:59.943 plugin-container[38984:772814] Can't open input server /Library/InputManagers/QuicKeysIM
2017-07-19 20:03:59.966 plugin-container[38984:772814] *** CFMessagePort: bootstrap_register(): failed 1100 (0x44c) 'Permission denied', port = 0x9c3b, name = 'com.apple.tsm.portname'
See /usr/include/servers/bootstrap_defs.h for the error codes.
2017-07-19 20:03:59.966 plugin-container[38984:772814] *** CFMessagePort: bootstrap_register(): failed 1100 (0x44c) 'Permission denied', port = 0xa003, name = 'com.apple.CFPasteboardClient'
See /usr/include/servers/bootstrap_defs.h for the error codes.
1500462240568	Marionette	DEBUG	Received DOM event "pagehide" for "about:blank"
1500462240568	Marionette	DEBUG	Received DOM event "unload" for "about:blank"
1500462241320	Marionette	DEBUG	Received DOM event "DOMContentLoaded" for "https://www.instagram.com/instagram/"
1500462241347	Marionette	DEBUG	Received DOM event "DOMContentLoaded" for "https://www.instagram.com/instagram/"
1500462241361	Marionette	DEBUG	Received DOM event "pageshow" for "https://www.instagram.com/instagram/"
1500462241483	Marionette	DEBUG	Received DOM event "pageshow" for "https://www.instagram.com/instagram/"
1500462241540	Marionette	DEBUG	Received DOM event "DOMContentLoaded" for "https://staticxx.facebook.com/connect/xd_arbiter/r/XBwzv5Yrm_1.js?version=42#channel=f3518eab9d4f5de&origin=https%3A%2F%2Fwww.instagram.com"
1500462241542	Marionette	DEBUG	Received DOM event "pageshow" for "https://staticxx.facebook.com/connect/xd_arbiter/r/XBwzv5Yrm_1.js?version=42#channel=f3518eab9d4f5de&origin=https%3A%2F%2Fwww.instagram.com"
1500462241675	Marionette	DEBUG	Received DOM event "pageshow" for "https://www.instagram.com/instagram/"
1500462241868	Marionette	DEBUG	Received DOM event "pagehide" for "https://www.instagram.com/instagram/"
1500462241882	Marionette	DEBUG	Received DOM event "pagehide" for "https://staticxx.facebook.com/connect/xd_arbiter/r/XBwzv5Yrm_1.js?version=42#cb=f3197c04520bf6&domain=www.instagram.com&origin=https%3A%2F%2Fwww.instagram.com%2Ff3518eab9d4f5de&relation=parent&error=unknown_user"
1500462241893	Marionette	DEBUG	Received observer notification "outer-window-destroyed" for "2147483658"
1500462242059	Marionette	DEBUG	Canceled page load listener because no navigation has been detected
1500462256341	Marionette	INFO	Ceased listening
1500462356278	geckodriver	INFO	geckodriver 0.18.0
1500462356326	geckodriver	INFO	Listening on 127.0.0.1:52649
1500462357360	geckodriver::marionette	INFO	Starting browser /Applications/Firefox.app/Contents/MacOS/firefox-bin with args ["-marionette"]
2017-07-19 20:05:58.005 firefox-bin[39187:776350] Can't open input server /Library/InputManagers/QuicKeysIM
1500462359049	Marionette	INFO	Listening on port 52726
1500462359139	Marionette	WARN	TLS certificate errors will be ignored for this session
1500462359280	Marionette	DEBUG	loaded listener.js
1500462359305	Marionette	DEBUG	Received DOM event "beforeunload" for "about:blank"
2017-07-19 20:05:59.332 plugin-container[39190:776469] Can't open input server /Library/InputManagers/QuicKeysIM
2017-07-19 20:05:59.350 plugin-container[39190:776469] *** CFMessagePort: bootstrap_register(): failed 1100 (0x44c) 'Permission denied', port = 0x9e3b, name = 'com.apple.tsm.portname'
See /usr/include/servers/bootstrap_defs.h for the error codes.
2017-07-19 20:05:59.351 plugin-container[39190:776469] *** CFMessagePort: bootstrap_register(): failed 1100 (0x44c) 'Permission denied', port = 0xa203, name = 'com.apple.CFPasteboardClient'
See /usr/include/servers/bootstrap_defs.h for the error codes.
1500462360337	Marionette	DEBUG	Received DOM event "pagehide" for "about:blank"
1500462360337	Marionette	DEBUG	Received DOM event "unload" for "about:blank"
1500462360901	Marionette	DEBUG	Received DOM event "DOMContentLoaded" for "https://www.instagram.com/instagram/"
1500462360924	Marionette	DEBUG	Received DOM event "DOMContentLoaded" for "https://www.instagram.com/instagram/"
1500462360934	Marionette	DEBUG	Received DOM event "pageshow" for "https://www.instagram.com/instagram/"
1500462361040	Marionette	DEBUG	Received DOM event "pageshow" for "https://www.instagram.com/instagram/"
1500462361078	Marionette	DEBUG	Received DOM event "DOMContentLoaded" for "https://staticxx.facebook.com/connect/xd_arbiter/r/XBwzv5Yrm_1.js?version=42#channel=f336366b572453c&origin=https%3A%2F%2Fwww.instagram.com"
1500462361079	Marionette	DEBUG	Received DOM event "pageshow" for "https://staticxx.facebook.com/connect/xd_arbiter/r/XBwzv5Yrm_1.js?version=42#channel=f336366b572453c&origin=https%3A%2F%2Fwww.instagram.com"
1500462361249	Marionette	DEBUG	Received DOM event "pageshow" for "https://www.instagram.com/instagram/"
1500462361421	Marionette	DEBUG	Received DOM event "pagehide" for "https://www.instagram.com/instagram/"
1500462361437	Marionette	DEBUG	Received DOM event "pagehide" for "https://staticxx.facebook.com/connect/xd_arbiter/r/XBwzv5Yrm_1.js?version=42#cb=f2193bf24e76bf4&domain=www.instagram.com&origin=https%3A%2F%2Fwww.instagram.com%2Ff336366b572453c&relation=parent&error=unknown_user"
1500462361447	Marionette	DEBUG	Received observer notification "outer-window-destroyed" for "2147483658"
1500462361613	Marionette	DEBUG	Canceled page load listener because no navigation has been detected
1500462362631	Marionette	INFO	New connections will no longer be accepted
1500462592637	geckodriver	INFO	geckodriver 0.18.0
1500462592679	geckodriver	INFO	Listening on 127.0.0.1:51528
1500462593709	geckodriver::marionette	INFO	Starting browser /Applications/Firefox.app/Contents/MacOS/firefox-bin with args ["-marionette"]
2017-07-19 20:09:54.304 firefox-bin[39511:783341] Can't open input server /Library/InputManagers/QuicKeysIM
1500462595295	Marionette	INFO	Listening on port 51605
1500462595392	Marionette	WARN	TLS certificate errors will be ignored for this session
1500462595515	Marionette	DEBUG	loaded listener.js
1500462595539	Marionette	DEBUG	Received DOM event "beforeunload" for "about:blank"
2017-07-19 20:09:55.568 plugin-container[39512:783441] Can't open input server /Library/InputManagers/QuicKeysIM
2017-07-19 20:09:55.586 plugin-container[39512:783441] *** CFMessagePort: bootstrap_register(): failed 1100 (0x44c) 'Permission denied', port = 0x9c3b, name = 'com.apple.tsm.portname'
See /usr/include/servers/bootstrap_defs.h for the error codes.
2017-07-19 20:09:55.587 plugin-container[39512:783441] *** CFMessagePort: bootstrap_register(): failed 1100 (0x44c) 'Permission denied', port = 0x9f03, name = 'com.apple.CFPasteboardClient'
See /usr/include/servers/bootstrap_defs.h for the error codes.
1500462596331	Marionette	DEBUG	Received DOM event "pagehide" for "about:blank"
1500462596331	Marionette	DEBUG	Received DOM event "unload" for "about:blank"
1500462596524	Marionette	DEBUG	Received DOM event "DOMContentLoaded" for "https://www.instagram.com/chanchoi89/"
1500462596601	Marionette	DEBUG	Received DOM event "pageshow" for "https://www.instagram.com/chanchoi89/"
1500462610656	geckodriver	INFO	geckodriver 0.18.0
1500462610710	geckodriver	INFO	Listening on 127.0.0.1:52764
1500462611725	geckodriver::marionette	INFO	Starting browser /Applications/Firefox.app/Contents/MacOS/firefox-bin with args ["-marionette"]
2017-07-19 20:10:12.323 firefox-bin[39539:784088] Can't open input server /Library/InputManagers/QuicKeysIM
1500462613344	Marionette	INFO	Listening on port 52842
1500462613402	Marionette	WARN	TLS certificate errors will be ignored for this session
1500462613566	Marionette	DEBUG	loaded listener.js
1500462613591	Marionette	DEBUG	Received DOM event "beforeunload" for "about:blank"
2017-07-19 20:10:13.618 plugin-container[39542:784213] Can't open input server /Library/InputManagers/QuicKeysIM
2017-07-19 20:10:13.633 plugin-container[39542:784213] *** CFMessagePort: bootstrap_register(): failed 1100 (0x44c) 'Permission denied', port = 0x9c3b, name = 'com.apple.tsm.portname'
See /usr/include/servers/bootstrap_defs.h for the error codes.
2017-07-19 20:10:13.634 plugin-container[39542:784213] *** CFMessagePort: bootstrap_register(): failed 1100 (0x44c) 'Permission denied', port = 0x9f03, name = 'com.apple.CFPasteboardClient'
See /usr/include/servers/bootstrap_defs.h for the error codes.
1500462614181	Marionette	DEBUG	Received DOM event "pagehide" for "about:blank"
1500462614181	Marionette	DEBUG	Received DOM event "unload" for "about:blank"
1500462614824	Marionette	DEBUG	Received DOM event "DOMContentLoaded" for "https://www.instagram.com/choichan89/"
1500462614877	Marionette	DEBUG	Received DOM event "DOMContentLoaded" for "https://www.instagram.com/choichan89/"
1500462614890	Marionette	DEBUG	Received DOM event "pageshow" for "https://www.instagram.com/choichan89/"
1500462614952	Marionette	DEBUG	Received DOM event "pageshow" for "https://www.instagram.com/choichan89/"
1500462615007	Marionette	DEBUG	Received DOM event "DOMContentLoaded" for "https://staticxx.facebook.com/connect/xd_arbiter/r/XBwzv5Yrm_1.js?version=42#channel=f15847cca020ff4&origin=https%3A%2F%2Fwww.instagram.com"
1500462615008	Marionette	DEBUG	Received DOM event "pageshow" for "https://staticxx.facebook.com/connect/xd_arbiter/r/XBwzv5Yrm_1.js?version=42#channel=f15847cca020ff4&origin=https%3A%2F%2Fwww.instagram.com"
1500462615182	Marionette	DEBUG	Received DOM event "pageshow" for "https://www.instagram.com/choichan89/"
1500462615368	Marionette	DEBUG	Received DOM event "pagehide" for "https://www.instagram.com/choichan89/"
1500462615383	Marionette	DEBUG	Received DOM event "pagehide" for "https://staticxx.facebook.com/connect/xd_arbiter/r/XBwzv5Yrm_1.js?version=42#cb=fb80c30597d356&domain=www.instagram.com&origin=https%3A%2F%2Fwww.instagram.com%2Ff15847cca020ff4&relation=parent&error=unknown_user"
1500462615394	Marionette	DEBUG	Received observer notification "outer-window-destroyed" for "2147483658"
1500462615565	Marionette	DEBUG	Canceled page load listener because no navigation has been detected
1500462617695	Marionette	DEBUG	Canceled page load listener because no navigation has been detected
1500462618505	Marionette	DEBUG	Canceled page load listener because no navigation has been detected
1500462619295	Marionette	DEBUG	Canceled page load listener because no navigation has been detected
1500462620090	Marionette	DEBUG	Canceled page load listener because no navigation has been detected
1500462620874	Marionette	DEBUG	Canceled page load listener because no navigation has been detected
1500462621670	Marionette	DEBUG	Canceled page load listener because no navigation has been detected
1500462622463	Marionette	DEBUG	Canceled page load listener because no navigation has been detected
1500462623254	Marionette	DEBUG	Canceled page load listener because no navigation has been detected
1500462624052	Marionette	DEBUG	Canceled page load listener because no navigation has been detected
1500462624835	Marionette	DEBUG	Canceled page load listener because no navigation has been detected
1500462625612	Marionette	DEBUG	Canceled page load listener because no navigation has been detected
1500462626388	Marionette	DEBUG	Canceled page load listener because no navigation has been detected
1500462627160	Marionette	DEBUG	Canceled page load listener because no navigation has been detected
1500462627932	Marionette	DEBUG	Canceled page load listener because no navigation has been detected
1500462628740	Marionette	DEBUG	Canceled page load listener because no navigation has been detected
1500462629510	Marionette	DEBUG	Canceled page load listener because no navigation has been detected
1500462630280	Marionette	DEBUG	Canceled page load listener because no navigation has been detected
1500462631054	Marionette	DEBUG	Canceled page load listener because no navigation has been detected
1500462631839	Marionette	DEBUG	Canceled page load listener because no navigation has been detected
1500462632636	Marionette	DEBUG	Canceled page load listener because no navigation has been detected
1500462633440	Marionette	DEBUG	Canceled page load listener because no navigation has been detected
1500462634224	Marionette	DEBUG	Canceled page load listener because no navigation has been detected
1500462635020	Marionette	DEBUG	Canceled page load listener because no navigation has been detected
1500462635798	Marionette	DEBUG	Canceled page load listener because no navigation has been detected
1500462636567	Marionette	DEBUG	Canceled page load listener because no navigation has been detected
1500462637339	Marionette	DEBUG	Canceled page load listener because no navigation has been detected
1500462638125	Marionette	DEBUG	Canceled page load listener because no navigation has been detected
1500462638913	Marionette	DEBUG	Canceled page load listener because no navigation has been detected
1500462639701	Marionette	DEBUG	Canceled page load listener because no navigation has been detected
1500462640495	Marionette	DEBUG	Canceled page load listener because no navigation has been detected
1500462641270	Marionette	DEBUG	Canceled page load listener because no navigation has been detected
1500462642044	Marionette	DEBUG	Canceled page load listener because no navigation has been detected
1500462642817	Marionette	DEBUG	Canceled page load listener because no navigation has been detected
1500462643605	Marionette	DEBUG	Canceled page load listener because no navigation has been detected
1500462644378	Marionette	DEBUG	Canceled page load listener because no navigation has been detected
1500462645156	Marionette	DEBUG	Canceled page load listener because no navigation has been detected
1500462645931	Marionette	DEBUG	Canceled page load listener because no navigation has been detected
1500462646704	Marionette	DEBUG	Canceled page load listener because no navigation has been detected
1500462647482	Marionette	DEBUG	Canceled page load listener because no navigation has been detected
1500462648284	Marionette	DEBUG	Canceled page load listener because no navigation has been detected
1500462649070	Marionette	DEBUG	Canceled page load listener because no navigation has been detected
1500462649860	Marionette	DEBUG	Canceled page load listener because no navigation has been detected
1500462650641	Marionette	DEBUG	Canceled page load listener because no navigation has been detected
1500462651424	Marionette	DEBUG	Canceled page load listener because no navigation has been detected
1500462652198	Marionette	DEBUG	Canceled page load listener because no navigation has been detected
1500462652975	Marionette	DEBUG	Canceled page load listener because no navigation has been detected
1500462653736	Marionette	DEBUG	Canceled page load listener because no navigation has been detected
1500462654525	Marionette	DEBUG	Canceled page load listener because no navigation has been detected
1500462655307	Marionette	DEBUG	Canceled page load listener because no navigation has been detected
1500462656088	Marionette	DEBUG	Canceled page load listener because no navigation has been detected
1500462658861	Marionette	INFO	New connections will no longer be accepted
[Child 39542] WARNING: pipe error: Broken pipe: file /builds/slave/m-rel-m64-00000000000000000000/build/src/ipc/chromium/src/chrome/common/ipc_channel_posix.cc, line 702
[GFX1-]: Receive IPC close with reason=AbnormalShutdown
*************************
A coding exception was thrown and uncaught in a Task.

Full message: TypeError: NetworkError when attempting to fetch resource.
Full stack: 
*************************
*************************
A coding exception was thrown and uncaught in a Task.

Full message: TypeError: NetworkError when attempting to fetch resource.
Full stack: 
*************************
*************************
A coding exception was thrown and uncaught in a Task.

Full message: TypeError: NetworkError when attempting to fetch resource.
Full stack: 
*************************
1500463607236	geckodriver	INFO	geckodriver 0.18.0
1500463607283	geckodriver	INFO	Listening on 127.0.0.1:51510
1500463608313	geckodriver::marionette	INFO	Starting browser /Applications/Firefox.app/Contents/MacOS/firefox-bin with args ["-marionette"]
2017-07-19 20:26:48.929 firefox-bin[40794:807165] Can't open input server /Library/InputManagers/QuicKeysIM
1500463609934	Marionette	INFO	Listening on port 51587
1500463609993	Marionette	WARN	TLS certificate errors will be ignored for this session
1500463610145	Marionette	DEBUG	loaded listener.js
1500463610170	Marionette	DEBUG	Received DOM event "beforeunload" for "about:blank"
2017-07-19 20:26:50.197 plugin-container[40795:807282] Can't open input server /Library/InputManagers/QuicKeysIM
2017-07-19 20:26:50.212 plugin-container[40795:807282] *** CFMessagePort: bootstrap_register(): failed 1100 (0x44c) 'Permission denied', port = 0x9c3b, name = 'com.apple.tsm.portname'
See /usr/include/servers/bootstrap_defs.h for the error codes.
2017-07-19 20:26:50.213 plugin-container[40795:807282] *** CFMessagePort: bootstrap_register(): failed 1100 (0x44c) 'Permission denied', port = 0x9f03, name = 'com.apple.CFPasteboardClient'
See /usr/include/servers/bootstrap_defs.h for the error codes.
1500463611271	Marionette	DEBUG	Received DOM event "pagehide" for "about:blank"
1500463611271	Marionette	DEBUG	Received DOM event "unload" for "about:blank"
1500463611862	Marionette	DEBUG	Received DOM event "DOMContentLoaded" for "https://www.instagram.com/explore/tags/%EC%B9%B4%ED%8E%98/"
1500463611884	Marionette	DEBUG	Received DOM event "DOMContentLoaded" for "https://www.instagram.com/explore/tags/%EC%B9%B4%ED%8E%98/"
1500463611894	Marionette	DEBUG	Received DOM event "pageshow" for "https://www.instagram.com/explore/tags/%EC%B9%B4%ED%8E%98/"
1500463612017	Marionette	DEBUG	Received DOM event "pageshow" for "https://www.instagram.com/explore/tags/%EC%B9%B4%ED%8E%98/"
1500463612090	Marionette	DEBUG	Received DOM event "DOMContentLoaded" for "https://staticxx.facebook.com/connect/xd_arbiter/r/XBwzv5Yrm_1.js?version=42#channel=f140877005a853e&origin=https%3A%2F%2Fwww.instagram.com"
1500463612092	Marionette	DEBUG	Received DOM event "pageshow" for "https://staticxx.facebook.com/connect/xd_arbiter/r/XBwzv5Yrm_1.js?version=42#channel=f140877005a853e&origin=https%3A%2F%2Fwww.instagram.com"
1500463612586	Marionette	DEBUG	Received DOM event "pageshow" for "https://www.instagram.com/explore/tags/%EC%B9%B4%ED%8E%98/"
1500463612772	Marionette	DEBUG	Received DOM event "pagehide" for "https://www.instagram.com/explore/tags/%EC%B9%B4%ED%8E%98/"
1500463612799	Marionette	DEBUG	Received DOM event "pagehide" for "https://www.instagram.com/explore/tags/%EC%B9%B4%ED%8E%98/"
1500463612802	Marionette	DEBUG	Received observer notification "outer-window-destroyed" for "2147483653"
1500463612830	Marionette	DEBUG	Received DOM event "pagehide" for "https://www.instagram.com/explore/tags/%EC%B9%B4%ED%8E%98/"
1500463612853	Marionette	DEBUG	Received DOM event "pagehide" for "https://staticxx.facebook.com/connect/xd_arbiter/r/XBwzv5Yrm_1.js?version=42#cb=f2ba1fdde006224&domain=www.instagram.com&origin=https%3A%2F%2Fwww.instagram.com%2Ff140877005a853e&relation=parent&error=unknown_user"
1500463612860	Marionette	DEBUG	Received observer notification "outer-window-destroyed" for "2147483658"
1500463612984	Marionette	DEBUG	Canceled page load listener because no navigation has been detected
1500463614198	Marionette	DEBUG	Canceled page load listener because no navigation has been detected
1500463615056	Marionette	DEBUG	Canceled page load listener because no navigation has been detected
1500463615863	Marionette	DEBUG	Canceled page load listener because no navigation has been detected
1500463616712	Marionette	DEBUG	Canceled page load listener because no navigation has been detected
1500463617572	Marionette	DEBUG	Canceled page load listener because no navigation has been detected
1500463618415	Marionette	DEBUG	Canceled page load listener because no navigation has been detected
1500463619200	Marionette	DEBUG	Canceled page load listener because no navigation has been detected
1500463619990	Marionette	DEBUG	Canceled page load listener because no navigation has been detected
1500463620806	Marionette	DEBUG	Canceled page load listener because no navigation has been detected
1500463621632	Marionette	DEBUG	Canceled page load listener because no navigation has been detected
1500463622428	Marionette	DEBUG	Canceled page load listener because no navigation has been detected
1500463623213	Marionette	DEBUG	Canceled page load listener because no navigation has been detected
1500463624016	Marionette	DEBUG	Canceled page load listener because no navigation has been detected
1500463624810	Marionette	DEBUG	Canceled page load listener because no navigation has been detected
1500463625617	Marionette	DEBUG	Canceled page load listener because no navigation has been detected
1500463626424	Marionette	DEBUG	Canceled page load listener because no navigation has been detected
1500463627190	Marionette	DEBUG	Canceled page load listener because no navigation has been detected
1500463627989	Marionette	DEBUG	Canceled page load listener because no navigation has been detected
1500463628825	Marionette	DEBUG	Canceled page load listener because no navigation has been detected
1500463629626	Marionette	DEBUG	Canceled page load listener because no navigation has been detected
1500463630476	Marionette	DEBUG	Canceled page load listener because no navigation has been detected
1500463631296	Marionette	DEBUG	Canceled page load listener because no navigation has been detected
1500463632111	Marionette	DEBUG	Canceled page load listener because no navigation has been detected
1500463632895	Marionette	DEBUG	Canceled page load listener because no navigation has been detected
1500463633696	Marionette	DEBUG	Canceled page load listener because no navigation has been detected
1500463634467	Marionette	DEBUG	Canceled page load listener because no navigation has been detected
1500463635268	Marionette	DEBUG	Canceled page load listener because no navigation has been detected
1500463636067	Marionette	DEBUG	Canceled page load listener because no navigation has been detected
1500463636849	Marionette	DEBUG	Canceled page load listener because no navigation has been detected
1500463637669	Marionette	DEBUG	Canceled page load listener because no navigation has been detected
1500463639504	Marionette	INFO	New connections will no longer be accepted
[Child 40795] WARNING: pipe error: Broken pipe: file /builds/slave/m-rel-m64-00000000000000000000/build/src/ipc/chromium/src/chrome/common/ipc_channel_posix.cc, line 702
1500464377903	Marionette	INFO	Ceased listening
1500466542957	Marionette	INFO	Ceased listening
1500471469120	geckodriver	INFO	geckodriver 0.18.0
1500471469168	geckodriver	INFO	Listening on 127.0.0.1:51751
1500471470242	geckodriver::marionette	INFO	Starting browser /Applications/Firefox.app/Contents/MacOS/firefox-bin with args ["-marionette"]
2017-07-19 22:37:50.868 firefox-bin[53612:990269] Can't open input server /Library/InputManagers/QuicKeysIM
1500471471919	Marionette	INFO	Listening on port 51829
1500471472009	Marionette	WARN	TLS certificate errors will be ignored for this session
1500471472145	Marionette	DEBUG	loaded listener.js
1500471472169	Marionette	DEBUG	Received DOM event "beforeunload" for "about:blank"
2017-07-19 22:37:52.196 plugin-container[53616:990416] Can't open input server /Library/InputManagers/QuicKeysIM
2017-07-19 22:37:52.219 plugin-container[53616:990416] *** CFMessagePort: bootstrap_register(): failed 1100 (0x44c) 'Permission denied', port = 0x9c3b, name = 'com.apple.tsm.portname'
See /usr/include/servers/bootstrap_defs.h for the error codes.
2017-07-19 22:37:52.220 plugin-container[53616:990416] *** CFMessagePort: bootstrap_register(): failed 1100 (0x44c) 'Permission denied', port = 0x9f03, name = 'com.apple.CFPasteboardClient'
See /usr/include/servers/bootstrap_defs.h for the error codes.
1500471473520	Marionette	DEBUG	Received DOM event "pagehide" for "about:blank"
1500471473520	Marionette	DEBUG	Received DOM event "unload" for "about:blank"
1500471474288	Marionette	DEBUG	Received DOM event "DOMContentLoaded" for "https://www.instagram.com/hiddenjeans/"
1500471474313	Marionette	DEBUG	Received DOM event "DOMContentLoaded" for "https://www.instagram.com/hiddenjeans/"
1500471474318	Marionette	DEBUG	Received DOM event "pageshow" for "https://www.instagram.com/hiddenjeans/"
1500471474435	Marionette	DEBUG	Received DOM event "pageshow" for "https://www.instagram.com/hiddenjeans/"
1500471474510	Marionette	DEBUG	Received DOM event "DOMContentLoaded" for "https://staticxx.facebook.com/connect/xd_arbiter/r/XBwzv5Yrm_1.js?version=42#channel=fd700b42c4943c&origin=https%3A%2F%2Fwww.instagram.com"
1500471474511	Marionette	DEBUG	Received DOM event "pageshow" for "https://staticxx.facebook.com/connect/xd_arbiter/r/XBwzv5Yrm_1.js?version=42#channel=fd700b42c4943c&origin=https%3A%2F%2Fwww.instagram.com"
1500471474635	Marionette	DEBUG	Received DOM event "pageshow" for "https://www.instagram.com/hiddenjeans/"
1500471474838	Marionette	DEBUG	Received DOM event "pagehide" for "https://www.instagram.com/hiddenjeans/"
1500471474880	Marionette	DEBUG	Received DOM event "pagehide" for "https://staticxx.facebook.com/connect/xd_arbiter/r/XBwzv5Yrm_1.js?version=42#cb=f2e861b2aa2e80a&domain=www.instagram.com&origin=https%3A%2F%2Fwww.instagram.com%2Ffd700b42c4943c&relation=parent&error=unknown_user"
1500471474902	Marionette	DEBUG	Received observer notification "outer-window-destroyed" for "2147483658"
1500471475018	Marionette	DEBUG	Canceled page load listener because no navigation has been detected
1500471479250	Marionette	DEBUG	Canceled page load listener because no navigation has been detected
1500471490498	geckodriver	INFO	geckodriver 0.18.0
1500471490546	geckodriver	INFO	Listening on 127.0.0.1:53216
1500471491594	geckodriver::marionette	INFO	Starting browser /Applications/Firefox.app/Contents/MacOS/firefox-bin with args ["-marionette"]
2017-07-19 22:38:12.246 firefox-bin[53664:991359] Can't open input server /Library/InputManagers/QuicKeysIM
1500471493449	Marionette	INFO	Listening on port 53294
1500471493494	Marionette	WARN	TLS certificate errors will be ignored for this session
1500471493683	Marionette	DEBUG	loaded listener.js
1500471493706	Marionette	DEBUG	Received DOM event "beforeunload" for "about:blank"
2017-07-19 22:38:13.746 plugin-container[53666:991476] Can't open input server /Library/InputManagers/QuicKeysIM
2017-07-19 22:38:13.766 plugin-container[53666:991476] *** CFMessagePort: bootstrap_register(): failed 1100 (0x44c) 'Permission denied', port = 0x9e3b, name = 'com.apple.tsm.portname'
See /usr/include/servers/bootstrap_defs.h for the error codes.
2017-07-19 22:38:13.767 plugin-container[53666:991476] *** CFMessagePort: bootstrap_register(): failed 1100 (0x44c) 'Permission denied', port = 0xa103, name = 'com.apple.CFPasteboardClient'
See /usr/include/servers/bootstrap_defs.h for the error codes.
1500471494397	Marionette	DEBUG	Received DOM event "pagehide" for "about:blank"
1500471494397	Marionette	DEBUG	Received DOM event "unload" for "about:blank"
1500471495088	Marionette	DEBUG	Received DOM event "DOMContentLoaded" for "https://www.instagram.com/hiddenjeans/"
1500471495120	Marionette	DEBUG	Received DOM event "DOMContentLoaded" for "https://www.instagram.com/hiddenjeans/"
1500471495128	Marionette	DEBUG	Received DOM event "pageshow" for "https://www.instagram.com/hiddenjeans/"
1500471495188	Marionette	DEBUG	Received DOM event "pageshow" for "https://www.instagram.com/hiddenjeans/"
1500471495376	Marionette	DEBUG	Received DOM event "DOMContentLoaded" for "https://staticxx.facebook.com/connect/xd_arbiter/r/XBwzv5Yrm_1.js?version=42#channel=f24a1b7400d752c&origin=https%3A%2F%2Fwww.instagram.com"
1500471495378	Marionette	DEBUG	Received DOM event "pageshow" for "https://staticxx.facebook.com/connect/xd_arbiter/r/XBwzv5Yrm_1.js?version=42#channel=f24a1b7400d752c&origin=https%3A%2F%2Fwww.instagram.com"
1500471495429	Marionette	DEBUG	Received DOM event "pageshow" for "https://www.instagram.com/hiddenjeans/"
1500471495625	Marionette	DEBUG	Received DOM event "pagehide" for "https://www.instagram.com/hiddenjeans/"
1500471495647	Marionette	DEBUG	Received DOM event "pagehide" for "https://staticxx.facebook.com/connect/xd_arbiter/r/XBwzv5Yrm_1.js?version=42#cb=f3190d22b9c2ba8&domain=www.instagram.com&origin=https%3A%2F%2Fwww.instagram.com%2Ff24a1b7400d752c&relation=parent&error=unknown_user"
1500471495664	Marionette	DEBUG	Received observer notification "outer-window-destroyed" for "2147483658"
1500471495816	Marionette	DEBUG	Canceled page load listener because no navigation has been detected
1500471500171	Marionette	DEBUG	Canceled page load listener because no navigation has been detected
1500471523561	geckodriver	INFO	geckodriver 0.18.0
1500471523620	geckodriver	INFO	Listening on 127.0.0.1:55485
1500471524691	geckodriver::marionette	INFO	Starting browser /Applications/Firefox.app/Contents/MacOS/firefox-bin with args ["-marionette"]
2017-07-19 22:38:45.570 firefox-bin[53739:992859] Can't open input server /Library/InputManagers/QuicKeysIM
1500471527205	Marionette	INFO	Listening on port 55562
1500471527262	Marionette	WARN	TLS certificate errors will be ignored for this session
1500471527489	Marionette	DEBUG	loaded listener.js
1500471527523	Marionette	DEBUG	Received DOM event "beforeunload" for "about:blank"
2017-07-19 22:38:47.581 plugin-container[53743:992986] Can't open input server /Library/InputManagers/QuicKeysIM
2017-07-19 22:38:47.603 plugin-container[53743:992986] *** CFMessagePort: bootstrap_register(): failed 1100 (0x44c) 'Permission denied', port = 0xa03b, name = 'com.apple.tsm.portname'
See /usr/include/servers/bootstrap_defs.h for the error codes.
2017-07-19 22:38:47.604 plugin-container[53743:992986] *** CFMessagePort: bootstrap_register(): failed 1100 (0x44c) 'Permission denied', port = 0xa303, name = 'com.apple.CFPasteboardClient'
See /usr/include/servers/bootstrap_defs.h for the error codes.
1500471528187	Marionette	DEBUG	Received DOM event "pagehide" for "about:blank"
1500471528187	Marionette	DEBUG	Received DOM event "unload" for "about:blank"
1500471528992	Marionette	DEBUG	Received DOM event "DOMContentLoaded" for "https://www.instagram.com/hiddenjeans/"
1500471529030	Marionette	DEBUG	Received DOM event "DOMContentLoaded" for "https://www.instagram.com/hiddenjeans/"
1500471529041	Marionette	DEBUG	Received DOM event "pageshow" for "https://www.instagram.com/hiddenjeans/"
1500471529206	Marionette	DEBUG	Received DOM event "pageshow" for "https://www.instagram.com/hiddenjeans/"
1500471529257	Marionette	DEBUG	Received DOM event "DOMContentLoaded" for "https://staticxx.facebook.com/connect/xd_arbiter/r/XBwzv5Yrm_1.js?version=42#channel=f38485898ac2ea8&origin=https%3A%2F%2Fwww.instagram.com"
1500471529262	Marionette	DEBUG	Received DOM event "pageshow" for "https://staticxx.facebook.com/connect/xd_arbiter/r/XBwzv5Yrm_1.js?version=42#channel=f38485898ac2ea8&origin=https%3A%2F%2Fwww.instagram.com"
1500471529396	Marionette	DEBUG	Received DOM event "pageshow" for "https://www.instagram.com/hiddenjeans/"
1500471529646	Marionette	DEBUG	Received DOM event "pagehide" for "https://www.instagram.com/hiddenjeans/"
1500471529672	Marionette	DEBUG	Received DOM event "pagehide" for "https://staticxx.facebook.com/connect/xd_arbiter/r/XBwzv5Yrm_1.js?version=42#cb=fe33c3b6d6a1d&domain=www.instagram.com&origin=https%3A%2F%2Fwww.instagram.com%2Ff38485898ac2ea8&relation=parent&error=unknown_user"
1500471529688	Marionette	DEBUG	Received observer notification "outer-window-destroyed" for "2147483658"
1500471529837	Marionette	DEBUG	Canceled page load listener because no navigation has been detected
1500471533669	Marionette	DEBUG	Canceled page load listener because no navigation has been detected
1500471534581	Marionette	DEBUG	Canceled page load listener because no navigation has been detected
1500471535466	Marionette	DEBUG	Canceled page load listener because no navigation has been detected
1500471536386	Marionette	DEBUG	Canceled page load listener because no navigation has been detected
1500471537386	Marionette	DEBUG	Canceled page load listener because no navigation has been detected
1500471538322	Marionette	DEBUG	Canceled page load listener because no navigation has been detected
1500471539170	Marionette	DEBUG	Canceled page load listener because no navigation has been detected
1500471539986	Marionette	DEBUG	Canceled page load listener because no navigation has been detected
1500471540796	Marionette	DEBUG	Canceled page load listener because no navigation has been detected
1500471541631	Marionette	DEBUG	Canceled page load listener because no navigation has been detected
1500471542458	Marionette	DEBUG	Canceled page load listener because no navigation has been detected
1500471543273	Marionette	DEBUG	Canceled page load listener because no navigation has been detected
1500471544140	Marionette	DEBUG	Canceled page load listener because no navigation has been detected
1500471544952	Marionette	DEBUG	Canceled page load listener because no navigation has been detected
1500471545773	Marionette	DEBUG	Canceled page load listener because no navigation has been detected
1500471546654	Marionette	DEBUG	Canceled page load listener because no navigation has been detected
1500471547494	Marionette	DEBUG	Canceled page load listener because no navigation has been detected
1500471548366	Marionette	DEBUG	Canceled page load listener because no navigation has been detected
1500471549190	Marionette	DEBUG	Canceled page load listener because no navigation has been detected
1500471550003	Marionette	DEBUG	Canceled page load listener because no navigation has been detected
1500471550820	Marionette	DEBUG	Canceled page load listener because no navigation has been detected
1500471551670	Marionette	DEBUG	Canceled page load listener because no navigation has been detected
1500471552494	Marionette	DEBUG	Canceled page load listener because no navigation has been detected
1500471553338	Marionette	DEBUG	Canceled page load listener because no navigation has been detected
1500471554245	Marionette	DEBUG	Canceled page load listener because no navigation has been detected
1500471555070	Marionette	DEBUG	Canceled page load listener because no navigation has been detected
1500471555988	Marionette	DEBUG	Canceled page load listener because no navigation has been detected
1500471556826	Marionette	DEBUG	Canceled page load listener because no navigation has been detected
1500471557649	Marionette	DEBUG	Canceled page load listener because no navigation has been detected
1500471558487	Marionette	DEBUG	Canceled page load listener because no navigation has been detected
1500471559290	Marionette	DEBUG	Canceled page load listener because no navigation has been detected
1500471560091	Marionette	DEBUG	Canceled page load listener because no navigation has been detected
1500471560920	Marionette	DEBUG	Canceled page load listener because no navigation has been detected
1500471561763	Marionette	DEBUG	Canceled page load listener because no navigation has been detected
1500471562595	Marionette	DEBUG	Canceled page load listener because no navigation has been detected
1500471563436	Marionette	DEBUG	Canceled page load listener because no navigation has been detected
1500471564237	Marionette	DEBUG	Canceled page load listener because no navigation has been detected
1500471565044	Marionette	DEBUG	Canceled page load listener because no navigation has been detected
1500471565854	Marionette	DEBUG	Canceled page load listener because no navigation has been detected
1500471566762	Marionette	DEBUG	Canceled page load listener because no navigation has been detected
1500471567595	Marionette	DEBUG	Canceled page load listener because no navigation has been detected
1500471568405	Marionette	DEBUG	Canceled page load listener because no navigation has been detected
1500471569213	Marionette	DEBUG	Canceled page load listener because no navigation has been detected
1500471570043	Marionette	DEBUG	Canceled page load listener because no navigation has been detected
1500471570871	Marionette	DEBUG	Canceled page load listener because no navigation has been detected
1500471571677	Marionette	DEBUG	Canceled page load listener because no navigation has been detected
1500471572542	Marionette	DEBUG	Canceled page load listener because no navigation has been detected
1500471573406	Marionette	DEBUG	Canceled page load listener because no navigation has been detected
1500471574231	Marionette	DEBUG	Canceled page load listener because no navigation has been detected
1500471575079	Marionette	DEBUG	Canceled page load listener because no navigation has been detected
1500471575888	Marionette	DEBUG	Canceled page load listener because no navigation has been detected
1500471576698	Marionette	DEBUG	Canceled page load listener because no navigation has been detected
1500471577513	Marionette	DEBUG	Canceled page load listener because no navigation has been detected
1500471578348	Marionette	DEBUG	Canceled page load listener because no navigation has been detected
1500471579205	Marionette	DEBUG	Canceled page load listener because no navigation has been detected
1500471580036	Marionette	DEBUG	Canceled page load listener because no navigation has been detected
1500471580844	Marionette	DEBUG	Canceled page load listener because no navigation has been detected
1500471581674	Marionette	DEBUG	Canceled page load listener because no navigation has been detected
1500471582515	Marionette	DEBUG	Canceled page load listener because no navigation has been detected
1500471583344	Marionette	DEBUG	Canceled page load listener because no navigation has been detected
1500471584161	Marionette	DEBUG	Canceled page load listener because no navigation has been detected
1500471585045	Marionette	DEBUG	Canceled page load listener because no navigation has been detected
1500471585881	Marionette	DEBUG	Canceled page load listener because no navigation has been detected
1500471586690	Marionette	DEBUG	Canceled page load listener because no navigation has been detected
1500471587504	Marionette	DEBUG	Canceled page load listener because no navigation has been detected
1500471588321	Marionette	DEBUG	Canceled page load listener because no navigation has been detected
1500471589145	Marionette	DEBUG	Canceled page load listener because no navigation has been detected
1500471590130	Marionette	DEBUG	Canceled page load listener because no navigation has been detected
1500471590922	Marionette	DEBUG	Canceled page load listener because no navigation has been detected
1500471591810	Marionette	DEBUG	Canceled page load listener because no navigation has been detected
1500471592626	Marionette	DEBUG	Canceled page load listener because no navigation has been detected
1500471593428	Marionette	DEBUG	Canceled page load listener because no navigation has been detected
1500471594267	Marionette	DEBUG	Canceled page load listener because no navigation has been detected
1500471595086	Marionette	DEBUG	Canceled page load listener because no navigation has been detected
1500471595917	Marionette	DEBUG	Canceled page load listener because no navigation has been detected
1500471596724	Marionette	DEBUG	Canceled page load listener because no navigation has been detected
1500471597553	Marionette	DEBUG	Canceled page load listener because no navigation has been detected
1500471598431	Marionette	DEBUG	Canceled page load listener because no navigation has been detected
1500471599272	Marionette	DEBUG	Canceled page load listener because no navigation has been detected
1500471600331	Marionette	DEBUG	Canceled page load listener because no navigation has been detected
1500471601171	Marionette	DEBUG	Canceled page load listener because no navigation has been detected
1500471602065	Marionette	DEBUG	Canceled page load listener because no navigation has been detected
1500471602876	Marionette	DEBUG	Canceled page load listener because no navigation has been detected
1500471603702	Marionette	DEBUG	Canceled page load listener because no navigation has been detected
1500471604589	Marionette	DEBUG	Canceled page load listener because no navigation has been detected
1500471609675	Marionette	INFO	New connections will no longer be accepted
[Child 53743] WARNING: pipe error: Broken pipe: file /builds/slave/m-rel-m64-00000000000000000000/build/src/ipc/chromium/src/chrome/common/ipc_channel_posix.cc, line 702
1500471634423	geckodriver	INFO	geckodriver 0.18.0
1500471634683	geckodriver	INFO	Listening on 127.0.0.1:63441
1500471635851	geckodriver::marionette	INFO	Starting browser /Applications/Firefox.app/Contents/MacOS/firefox-bin with args ["-marionette"]
2017-07-19 22:40:38.060 firefox-bin[53981:997388] Can't open input server /Library/InputManagers/QuicKeysIM
1500471640129	Marionette	INFO	Listening on port 63519
1500471640218	Marionette	WARN	TLS certificate errors will be ignored for this session
1500471640468	Marionette	DEBUG	loaded listener.js
1500471640550	Marionette	DEBUG	Received DOM event "beforeunload" for "about:blank"
2017-07-19 22:40:40.557 plugin-container[53987:997539] Can't open input server /Library/InputManagers/QuicKeysIM
2017-07-19 22:40:40.596 plugin-container[53987:997539] *** CFMessagePort: bootstrap_register(): failed 1100 (0x44c) 'Permission denied', port = 0x9e3b, name = 'com.apple.tsm.portname'
See /usr/include/servers/bootstrap_defs.h for the error codes.
2017-07-19 22:40:40.597 plugin-container[53987:997539] *** CFMessagePort: bootstrap_register(): failed 1100 (0x44c) 'Permission denied', port = 0xa103, name = 'com.apple.CFPasteboardClient'
See /usr/include/servers/bootstrap_defs.h for the error codes.
1500471641551	Marionette	DEBUG	Received DOM event "pagehide" for "about:blank"
1500471641552	Marionette	DEBUG	Received DOM event "unload" for "about:blank"
1500471642598	Marionette	DEBUG	Received DOM event "DOMContentLoaded" for "https://www.instagram.com/cellojeans/"
1500471642631	Marionette	DEBUG	Received DOM event "DOMContentLoaded" for "https://www.instagram.com/cellojeans/"
1500471642641	Marionette	DEBUG	Received DOM event "pageshow" for "https://www.instagram.com/cellojeans/"
1500471642831	Marionette	DEBUG	Received DOM event "pageshow" for "https://www.instagram.com/cellojeans/"
1500471642949	Marionette	DEBUG	Received DOM event "DOMContentLoaded" for "https://staticxx.facebook.com/connect/xd_arbiter/r/XBwzv5Yrm_1.js?version=42#channel=f320e3acc5db44&origin=https%3A%2F%2Fwww.instagram.com"
1500471642951	Marionette	DEBUG	Received DOM event "pageshow" for "https://staticxx.facebook.com/connect/xd_arbiter/r/XBwzv5Yrm_1.js?version=42#channel=f320e3acc5db44&origin=https%3A%2F%2Fwww.instagram.com"
1500471643357	Marionette	DEBUG	Received DOM event "pageshow" for "https://www.instagram.com/cellojeans/"
1500471643635	Marionette	DEBUG	Received DOM event "pagehide" for "https://staticxx.facebook.com/connect/xd_arbiter/r/XBwzv5Yrm_1.js?version=42#cb=f922ef59feee9a&domain=www.instagram.com&origin=https%3A%2F%2Fwww.instagram.com%2Ff320e3acc5db44&relation=parent&error=unknown_user"
1500471643662	Marionette	DEBUG	Received observer notification "outer-window-destroyed" for "2147483658"
1500471643831	Marionette	DEBUG	Canceled page load listener because no navigation has been detected
1500471648015	Marionette	DEBUG	Canceled page load listener because no navigation has been detected
1500471649320	Marionette	DEBUG	Canceled page load listener because no navigation has been detected
1500471650362	Marionette	DEBUG	Canceled page load listener because no navigation has been detected
1500471651253	Marionette	DEBUG	Canceled page load listener because no navigation has been detected
1500471652075	Marionette	DEBUG	Canceled page load listener because no navigation has been detected
1500471652886	Marionette	DEBUG	Canceled page load listener because no navigation has been detected
1500471653683	Marionette	DEBUG	Canceled page load listener because no navigation has been detected
1500471654493	Marionette	DEBUG	Canceled page load listener because no navigation has been detected
1500471655301	Marionette	DEBUG	Canceled page load listener because no navigation has been detected
1500471656089	Marionette	DEBUG	Canceled page load listener because no navigation has been detected
1500471656900	Marionette	DEBUG	Canceled page load listener because no navigation has been detected
1500471657704	Marionette	DEBUG	Canceled page load listener because no navigation has been detected
1500471658501	Marionette	DEBUG	Canceled page load listener because no navigation has been detected
1500471659313	Marionette	DEBUG	Canceled page load listener because no navigation has been detected
1500471660151	Marionette	DEBUG	Canceled page load listener because no navigation has been detected
1500471660951	Marionette	DEBUG	Canceled page load listener because no navigation has been detected
1500471661750	Marionette	DEBUG	Canceled page load listener because no navigation has been detected
1500471662539	Marionette	DEBUG	Canceled page load listener because no navigation has been detected
1500471663322	Marionette	DEBUG	Canceled page load listener because no navigation has been detected
1500471664113	Marionette	DEBUG	Canceled page load listener because no navigation has been detected
1500471664907	Marionette	DEBUG	Canceled page load listener because no navigation has been detected
1500471665720	Marionette	DEBUG	Canceled page load listener because no navigation has been detected
1500471666547	Marionette	DEBUG	Canceled page load listener because no navigation has been detected
1500471667355	Marionette	DEBUG	Canceled page load listener because no navigation has been detected
1500471668159	Marionette	DEBUG	Canceled page load listener because no navigation has been detected
1500471668953	Marionette	DEBUG	Canceled page load listener because no navigation has been detected
1500471669756	Marionette	DEBUG	Canceled page load listener because no navigation has been detected
1500471670562	Marionette	DEBUG	Canceled page load listener because no navigation has been detected
1500471671368	Marionette	DEBUG	Canceled page load listener because no navigation has been detected
1500471672160	Marionette	DEBUG	Canceled page load listener because no navigation has been detected
1500471672956	Marionette	DEBUG	Canceled page load listener because no navigation has been detected
1500471673735	Marionette	DEBUG	Canceled page load listener because no navigation has been detected
1500471674513	Marionette	DEBUG	Canceled page load listener because no navigation has been detected
1500471675310	Marionette	DEBUG	Canceled page load listener because no navigation has been detected
1500471676162	Marionette	DEBUG	Canceled page load listener because no navigation has been detected
1500471676965	Marionette	DEBUG	Canceled page load listener because no navigation has been detected
1500471677759	Marionette	DEBUG	Canceled page load listener because no navigation has been detected
1500471678550	Marionette	DEBUG	Canceled page load listener because no navigation has been detected
1500471679353	Marionette	DEBUG	Canceled page load listener because no navigation has been detected
1500471680137	Marionette	DEBUG	Canceled page load listener because no navigation has been detected
1500471680929	Marionette	DEBUG	Canceled page load listener because no navigation has been detected
1500471681728	Marionette	DEBUG	Canceled page load listener because no navigation has been detected
1500471682571	Marionette	DEBUG	Canceled page load listener because no navigation has been detected
1500471683362	Marionette	DEBUG	Canceled page load listener because no navigation has been detected
1500471684173	Marionette	DEBUG	Canceled page load listener because no navigation has been detected
1500471684970	Marionette	DEBUG	Canceled page load listener because no navigation has been detected
1500471685765	Marionette	DEBUG	Canceled page load listener because no navigation has been detected
1500471686574	Marionette	DEBUG	Canceled page load listener because no navigation has been detected
1500471687378	Marionette	DEBUG	Canceled page load listener because no navigation has been detected
1500471688177	Marionette	DEBUG	Canceled page load listener because no navigation has been detected
1500471688975	Marionette	DEBUG	Canceled page load listener because no navigation has been detected
1500471689768	Marionette	DEBUG	Canceled page load listener because no navigation has been detected
1500471690548	Marionette	DEBUG	Canceled page load listener because no navigation has been detected
1500471691394	Marionette	DEBUG	Canceled page load listener because no navigation has been detected
1500471692179	Marionette	DEBUG	Canceled page load listener because no navigation has been detected
1500471692975	Marionette	DEBUG	Canceled page load listener because no navigation has been detected
1500471693787	Marionette	DEBUG	Canceled page load listener because no navigation has been detected
1500471694606	Marionette	DEBUG	Canceled page load listener because no navigation has been detected
1500471695388	Marionette	DEBUG	Canceled page load listener because no navigation has been detected
1500471696185	Marionette	DEBUG	Canceled page load listener because no navigation has been detected
1500471697073	Marionette	DEBUG	Canceled page load listener because no navigation has been detected
1500471697884	Marionette	DEBUG	Canceled page load listener because no navigation has been detected
1500471698676	Marionette	DEBUG	Canceled page load listener because no navigation has been detected
1500471699484	Marionette	DEBUG	Canceled page load listener because no navigation has been detected
1500471700282	Marionette	DEBUG	Canceled page load listener because no navigation has been detected
1500471701067	Marionette	DEBUG	Canceled page load listener because no navigation has been detected
1500471701890	Marionette	DEBUG	Canceled page load listener because no navigation has been detected
1500471702682	Marionette	DEBUG	Canceled page load listener because no navigation has been detected
1500471703482	Marionette	DEBUG	Canceled page load listener because no navigation has been detected
1500471704276	Marionette	DEBUG	Canceled page load listener because no navigation has been detected
1500471705060	Marionette	DEBUG	Canceled page load listener because no navigation has been detected
1500471705843	Marionette	DEBUG	Canceled page load listener because no navigation has been detected
1500471706667	Marionette	DEBUG	Canceled page load listener because no navigation has been detected
1500471707986	Marionette	DEBUG	Canceled page load listener because no navigation has been detected
1500471708800	Marionette	DEBUG	Canceled page load listener because no navigation has been detected
1500471709616	Marionette	DEBUG	Canceled page load listener because no navigation has been detected
1500471710421	Marionette	DEBUG	Canceled page load listener because no navigation has been detected
1500471711233	Marionette	DEBUG	Canceled page load listener because no navigation has been detected
1500471712042	Marionette	DEBUG	Canceled page load listener because no navigation has been detected
1500471712845	Marionette	DEBUG	Canceled page load listener because no navigation has been detected
1500471713648	Marionette	DEBUG	Canceled page load listener because no navigation has been detected
1500471714458	Marionette	DEBUG	Canceled page load listener because no navigation has been detected
1500471715310	Marionette	DEBUG	Canceled page load listener because no navigation has been detected
1500471716105	Marionette	DEBUG	Canceled page load listener because no navigation has been detected
1500471716933	Marionette	DEBUG	Canceled page load listener because no navigation has been detected
1500471726220	Marionette	INFO	New connections will no longer be accepted
[Child 53987] WARNING: pipe error: Broken pipe: file /builds/slave/m-rel-m64-00000000000000000000/build/src/ipc/chromium/src/chrome/common/ipc_channel_posix.cc, line 702
*************************
A coding exception was thrown and uncaught in a Task.

Full message: TypeError: NetworkError when attempting to fetch resource.
Full stack: 
*************************
*************************
A coding exception was thrown and uncaught in a Task.

Full message: TypeError: NetworkError when attempting to fetch resource.
Full stack: 
*************************
1500521174395	Marionette	INFO	Ceased listening
1500521175064	Marionette	INFO	Ceased listening
1500521177590	Marionette	INFO	Ceased listening
